Grammar

    0 $accept: program $end

    1 program: global_variables declare_functions TOKEN_MAIN TOKEN_LPAR TOKEN_RPAR block_of_instructions

    2 global_variables: /* empty */
    3                 | global_variables local_variables

    4 type: simple_type
    5     | complex_type

    6 local_variables: type names TOKEN_SEMICOLON

    7 simple_type: TOKEN_VAR_REAL
    8            | TOKEN_VAR_INT
    9            | TOKEN_LOCATION
   10            | TOKEN_OBJECT

   11 complex_type: simple_type ranges

   12 ranges: TOKEN_LSBRA TOKEN_UINT TOKEN_RSBRA
   13       | ranges TOKEN_LSBRA TOKEN_UINT TOKEN_RSBRA

   14 names: TOKEN_IDENTIFIER
   15      | TOKEN_IDENTIFIER TOKEN_ASSIGN expression
   16      | names TOKEN_COMMA TOKEN_IDENTIFIER
   17      | names TOKEN_COMMA TOKEN_IDENTIFIER TOKEN_ASSIGN expression
   18      | names TOKEN_COMMA TOKEN_IDENTIFIER TOKEN_ASSIGN TOKEN_BEGIN values TOKEN_END

   19 values: number
   20       | TOKEN_IDENTIFIER
   21       | values TOKEN_COMMA TOKEN_IDENTIFIER
   22       | values TOKEN_COMMA number

   23 declare_functions: /* empty */
   24                  | declare_function_

   25 function_header: TOKEN_FUNCTION TOKEN_IDENTIFIER

   26 declare_function_: type function_header TOKEN_LPAR names TOKEN_RPAR block_of_instructions
   27                  | declare_function_ type function_header TOKEN_LPAR names TOKEN_RPAR block_of_instructions
   28                  | type function_header TOKEN_LPAR TOKEN_RPAR block_of_instructions
   29                  | declare_function_ type function_header TOKEN_LPAR TOKEN_RPAR block_of_instructions

   30 number: TOKEN_OPER_SIGNADD TOKEN_REAL
   31       | TOKEN_OPER_SIGNADD TOKEN_UINT
   32       | TOKEN_REAL
   33       | TOKEN_UINT

   34 block_of_instructions: TOKEN_BEGIN TOKEN_END
   35                      | TOKEN_BEGIN TOKEN_SEMICOLON TOKEN_END
   36                      | TOKEN_BEGIN commands TOKEN_END

   37 commands: matched
   38         | commands matched
   39         | unmatched
   40         | commands unmatched

   41 command: TOKEN_FOR TOKEN_LPAR init TOKEN_SEMICOLON expression_bool TOKEN_SEMICOLON simple_command TOKEN_RPAR block_of_instructions
   42        | TOKEN_DO block_of_instructions TOKEN_WHILE TOKEN_LPAR expression_bool TOKEN_RPAR TOKEN_SEMICOLON
   43        | TOKEN_WHILE TOKEN_LPAR expression_bool TOKEN_RPAR block_of_instructions
   44        | TOKEN_RETURN expression TOKEN_SEMICOLON
   45        | TOKEN_RETURN TOKEN_SEMICOLON
   46        | TOKEN_BREAK TOKEN_SEMICOLON
   47        | local_variables
   48        | simple_command TOKEN_SEMICOLON

   49 simple_command: assign
   50               | variable TOKEN_PLUSPLUS
   51               | variable TOKEN_MINUSMINUS
   52               | variable

   53 assign: variable_left TOKEN_ASSIGN expression

   54 variable_left: TOKEN_IDENTIFIER
   55              | TOKEN_IDENTIFIER array_access

   56 call_fce: TOKEN_IDENTIFIER TOKEN_LPAR call_parameters TOKEN_RPAR

   57 call_parameters: expression
   58                | /* empty */
   59                | call_parameters TOKEN_COMMA expression

   60 matched: TOKEN_IF TOKEN_LPAR expression_bool TOKEN_RPAR matched TOKEN_ELSE matched
   61        | command
   62        | block_of_instructions

   63 unmatched: TOKEN_IF TOKEN_LPAR expression_bool TOKEN_RPAR block_of_instructions
   64          | TOKEN_IF TOKEN_LPAR expression_bool TOKEN_RPAR command
   65          | TOKEN_IF TOKEN_LPAR expression_bool TOKEN_RPAR matched TOKEN_ELSE unmatched

   66 init: local_variables
   67     | assign

   68 variable: TOKEN_IDENTIFIER
   69         | TOKEN_IDENTIFIER array_access
   70         | call_fce
   71         | variable TOKEN_DOT call_fce
   72         | variable TOKEN_DOT TOKEN_IDENTIFIER

   73 array_access: TOKEN_LSBRA exps TOKEN_RSBRA
   74             | array_access TOKEN_LSBRA exps TOKEN_RSBRA

   75 exps: expression
   76     | exps TOKEN_COMMA expression

   77 expression_base: variable
   78                | number
   79                | variable TOKEN_MINUSMINUS
   80                | variable TOKEN_PLUSPLUS
   81                | TOKEN_LPAR expression TOKEN_RPAR

   82 expression_mul: expression_base
   83               | expression_mul TOKEN_OPER_MUL expression_base

   84 expression_add: expression_mul
   85               | expression_add TOKEN_OPER_SIGNADD expression_mul

   86 expression: expression_add

   87 expression_bool_base: expression
   88                     | expression TOKEN_OPER_REL expression

   89 expression_bool_or: expression_bool_base
   90                   | expression_bool_or TOKEN_BOOL_OR TOKEN_LPAR expression_bool TOKEN_RPAR

   91 expression_bool: expression_bool_or
   92                | expression_bool TOKEN_BOOL_AND expression_bool_or


Terminals, with rules where they appear

$end (0) 0
error (256)
TOKEN_MAIN (258) 1
TOKEN_LOCATION (259) 9
TOKEN_OBJECT (260) 10
TOKEN_VAR_REAL (261) 7
TOKEN_VAR_INT (262) 8
TOKEN_FUNCTION (263) 25
TOKEN_IF (264) 60 63 64 65
TOKEN_ELSE (265) 60 65
TOKEN_WHILE (266) 42 43
TOKEN_DO (267) 42
TOKEN_FOR (268) 41
TOKEN_RETURN (269) 44 45
TOKEN_BREAK (270) 46
TOKEN_SEMICOLON (271) 6 35 41 42 44 45 46 48
TOKEN_DOT (272) 71 72
TOKEN_COMMA (273) 16 17 18 21 22 59 76
TOKEN_LPAR (274) 1 26 27 28 29 41 42 43 56 60 63 64 65 81 90
TOKEN_RPAR (275) 1 26 27 28 29 41 42 43 56 60 63 64 65 81 90
TOKEN_LSBRA (276) 12 13 73 74
TOKEN_RSBRA (277) 12 13 73 74
TOKEN_ASSIGN (278) 15 17 18 53
TOKEN_BEGIN (279) 18 34 35 36
TOKEN_END (280) 18 34 35 36
TOKEN_IDENTIFIER (281) 14 15 16 17 18 20 21 25 54 55 56 68 69 72
TOKEN_UINT (282) 12 13 31 33
TOKEN_REAL (283) 30 32
TOKEN_OPER_REL (284) 88
TOKEN_OPER_SIGNADD (285) 30 31 85
TOKEN_OPER_MUL (286) 83
TOKEN_PLUSPLUS (287) 50 80
TOKEN_MINUSMINUS (288) 51 79
TOKEN_BOOL_AND (289) 92
TOKEN_BOOL_OR (290) 90


Nonterminals, with rules where they appear

$accept (36)
    on left: 0
program (37)
    on left: 1, on right: 0
global_variables (38)
    on left: 2 3, on right: 1 3
type (39)
    on left: 4 5, on right: 6 26 27 28 29
local_variables (40)
    on left: 6, on right: 3 47 66
simple_type (41)
    on left: 7 8 9 10, on right: 4 11
complex_type (42)
    on left: 11, on right: 5
ranges (43)
    on left: 12 13, on right: 11 13
names (44)
    on left: 14 15 16 17 18, on right: 6 16 17 18 26 27
values (45)
    on left: 19 20 21 22, on right: 18 21 22
declare_functions (46)
    on left: 23 24, on right: 1
function_header (47)
    on left: 25, on right: 26 27 28 29
declare_function_ (48)
    on left: 26 27 28 29, on right: 24 27 29
number (49)
    on left: 30 31 32 33, on right: 19 22 78
block_of_instructions (50)
    on left: 34 35 36, on right: 1 26 27 28 29 41 42 43 62 63
commands (51)
    on left: 37 38 39 40, on right: 36 38 40
command (52)
    on left: 41 42 43 44 45 46 47 48, on right: 61 64
simple_command (53)
    on left: 49 50 51 52, on right: 41 48
assign (54)
    on left: 53, on right: 49 67
variable_left (55)
    on left: 54 55, on right: 53
call_fce (56)
    on left: 56, on right: 70 71
call_parameters (57)
    on left: 57 58 59, on right: 56 59
matched (58)
    on left: 60 61 62, on right: 37 38 60 65
unmatched (59)
    on left: 63 64 65, on right: 39 40 65
init (60)
    on left: 66 67, on right: 41
variable (61)
    on left: 68 69 70 71 72, on right: 50 51 52 71 72 77 79 80
array_access (62)
    on left: 73 74, on right: 55 69 74
exps (63)
    on left: 75 76, on right: 73 74 76
expression_base (64)
    on left: 77 78 79 80 81, on right: 82 83
expression_mul (65)
    on left: 82 83, on right: 83 84 85
expression_add (66)
    on left: 84 85, on right: 85 86
expression (67)
    on left: 86, on right: 15 17 44 53 57 59 75 76 81 87 88
expression_bool_base (68)
    on left: 87 88, on right: 89
expression_bool_or (69)
    on left: 89 90, on right: 90 91 92
expression_bool (70)
    on left: 91 92, on right: 41 42 43 60 63 64 65 90 92


state 0

    0 $accept: . program $end
    1 program: . global_variables declare_functions TOKEN_MAIN TOKEN_LPAR TOKEN_RPAR block_of_instructions
    2 global_variables: .
    3                 | . global_variables local_variables

    $default  reduce using rule 2 (global_variables)

    program           go to state 1
    global_variables  go to state 2


state 1

    0 $accept: program . $end

    $end  shift, and go to state 3


state 2

    1 program: global_variables . declare_functions TOKEN_MAIN TOKEN_LPAR TOKEN_RPAR block_of_instructions
    3 global_variables: global_variables . local_variables
    4 type: . simple_type
    5     | . complex_type
    6 local_variables: . type names TOKEN_SEMICOLON
    7 simple_type: . TOKEN_VAR_REAL
    8            | . TOKEN_VAR_INT
    9            | . TOKEN_LOCATION
   10            | . TOKEN_OBJECT
   11 complex_type: . simple_type ranges
   23 declare_functions: .  [TOKEN_MAIN]
   24                  | . declare_function_
   26 declare_function_: . type function_header TOKEN_LPAR names TOKEN_RPAR block_of_instructions
   27                  | . declare_function_ type function_header TOKEN_LPAR names TOKEN_RPAR block_of_instructions
   28                  | . type function_header TOKEN_LPAR TOKEN_RPAR block_of_instructions
   29                  | . declare_function_ type function_header TOKEN_LPAR TOKEN_RPAR block_of_instructions

    TOKEN_LOCATION  shift, and go to state 4
    TOKEN_OBJECT    shift, and go to state 5
    TOKEN_VAR_REAL  shift, and go to state 6
    TOKEN_VAR_INT   shift, and go to state 7

    $default  reduce using rule 23 (declare_functions)

    type               go to state 8
    local_variables    go to state 9
    simple_type        go to state 10
    complex_type       go to state 11
    declare_functions  go to state 12
    declare_function_  go to state 13


state 3

    0 $accept: program $end .

    $default  accept


state 4

    9 simple_type: TOKEN_LOCATION .

    $default  reduce using rule 9 (simple_type)


state 5

   10 simple_type: TOKEN_OBJECT .

    $default  reduce using rule 10 (simple_type)


state 6

    7 simple_type: TOKEN_VAR_REAL .

    $default  reduce using rule 7 (simple_type)


state 7

    8 simple_type: TOKEN_VAR_INT .

    $default  reduce using rule 8 (simple_type)


state 8

    6 local_variables: type . names TOKEN_SEMICOLON
   14 names: . TOKEN_IDENTIFIER
   15      | . TOKEN_IDENTIFIER TOKEN_ASSIGN expression
   16      | . names TOKEN_COMMA TOKEN_IDENTIFIER
   17      | . names TOKEN_COMMA TOKEN_IDENTIFIER TOKEN_ASSIGN expression
   18      | . names TOKEN_COMMA TOKEN_IDENTIFIER TOKEN_ASSIGN TOKEN_BEGIN values TOKEN_END
   25 function_header: . TOKEN_FUNCTION TOKEN_IDENTIFIER
   26 declare_function_: type . function_header TOKEN_LPAR names TOKEN_RPAR block_of_instructions
   28                  | type . function_header TOKEN_LPAR TOKEN_RPAR block_of_instructions

    TOKEN_FUNCTION    shift, and go to state 14
    TOKEN_IDENTIFIER  shift, and go to state 15

    names            go to state 16
    function_header  go to state 17


state 9

    3 global_variables: global_variables local_variables .

    $default  reduce using rule 3 (global_variables)


state 10

    4 type: simple_type .  [TOKEN_FUNCTION, TOKEN_IDENTIFIER]
   11 complex_type: simple_type . ranges
   12 ranges: . TOKEN_LSBRA TOKEN_UINT TOKEN_RSBRA
   13       | . ranges TOKEN_LSBRA TOKEN_UINT TOKEN_RSBRA

    TOKEN_LSBRA  shift, and go to state 18

    $default  reduce using rule 4 (type)

    ranges  go to state 19


state 11

    5 type: complex_type .

    $default  reduce using rule 5 (type)


state 12

    1 program: global_variables declare_functions . TOKEN_MAIN TOKEN_LPAR TOKEN_RPAR block_of_instructions

    TOKEN_MAIN  shift, and go to state 20


state 13

    4 type: . simple_type
    5     | . complex_type
    7 simple_type: . TOKEN_VAR_REAL
    8            | . TOKEN_VAR_INT
    9            | . TOKEN_LOCATION
   10            | . TOKEN_OBJECT
   11 complex_type: . simple_type ranges
   24 declare_functions: declare_function_ .  [TOKEN_MAIN]
   27 declare_function_: declare_function_ . type function_header TOKEN_LPAR names TOKEN_RPAR block_of_instructions
   29                  | declare_function_ . type function_header TOKEN_LPAR TOKEN_RPAR block_of_instructions

    TOKEN_LOCATION  shift, and go to state 4
    TOKEN_OBJECT    shift, and go to state 5
    TOKEN_VAR_REAL  shift, and go to state 6
    TOKEN_VAR_INT   shift, and go to state 7

    $default  reduce using rule 24 (declare_functions)

    type          go to state 21
    simple_type   go to state 10
    complex_type  go to state 11


state 14

   25 function_header: TOKEN_FUNCTION . TOKEN_IDENTIFIER

    TOKEN_IDENTIFIER  shift, and go to state 22


state 15

   14 names: TOKEN_IDENTIFIER .  [TOKEN_SEMICOLON, TOKEN_COMMA, TOKEN_RPAR]
   15      | TOKEN_IDENTIFIER . TOKEN_ASSIGN expression

    TOKEN_ASSIGN  shift, and go to state 23

    $default  reduce using rule 14 (names)


state 16

    6 local_variables: type names . TOKEN_SEMICOLON
   16 names: names . TOKEN_COMMA TOKEN_IDENTIFIER
   17      | names . TOKEN_COMMA TOKEN_IDENTIFIER TOKEN_ASSIGN expression
   18      | names . TOKEN_COMMA TOKEN_IDENTIFIER TOKEN_ASSIGN TOKEN_BEGIN values TOKEN_END

    TOKEN_SEMICOLON  shift, and go to state 24
    TOKEN_COMMA      shift, and go to state 25


state 17

   26 declare_function_: type function_header . TOKEN_LPAR names TOKEN_RPAR block_of_instructions
   28                  | type function_header . TOKEN_LPAR TOKEN_RPAR block_of_instructions

    TOKEN_LPAR  shift, and go to state 26


state 18

   12 ranges: TOKEN_LSBRA . TOKEN_UINT TOKEN_RSBRA

    TOKEN_UINT  shift, and go to state 27


state 19

   11 complex_type: simple_type ranges .  [TOKEN_FUNCTION, TOKEN_IDENTIFIER]
   13 ranges: ranges . TOKEN_LSBRA TOKEN_UINT TOKEN_RSBRA

    TOKEN_LSBRA  shift, and go to state 28

    $default  reduce using rule 11 (complex_type)


state 20

    1 program: global_variables declare_functions TOKEN_MAIN . TOKEN_LPAR TOKEN_RPAR block_of_instructions

    TOKEN_LPAR  shift, and go to state 29


state 21

   25 function_header: . TOKEN_FUNCTION TOKEN_IDENTIFIER
   27 declare_function_: declare_function_ type . function_header TOKEN_LPAR names TOKEN_RPAR block_of_instructions
   29                  | declare_function_ type . function_header TOKEN_LPAR TOKEN_RPAR block_of_instructions

    TOKEN_FUNCTION  shift, and go to state 14

    function_header  go to state 30


state 22

   25 function_header: TOKEN_FUNCTION TOKEN_IDENTIFIER .

    $default  reduce using rule 25 (function_header)


state 23

   15 names: TOKEN_IDENTIFIER TOKEN_ASSIGN . expression
   30 number: . TOKEN_OPER_SIGNADD TOKEN_REAL
   31       | . TOKEN_OPER_SIGNADD TOKEN_UINT
   32       | . TOKEN_REAL
   33       | . TOKEN_UINT
   56 call_fce: . TOKEN_IDENTIFIER TOKEN_LPAR call_parameters TOKEN_RPAR
   68 variable: . TOKEN_IDENTIFIER
   69         | . TOKEN_IDENTIFIER array_access
   70         | . call_fce
   71         | . variable TOKEN_DOT call_fce
   72         | . variable TOKEN_DOT TOKEN_IDENTIFIER
   77 expression_base: . variable
   78                | . number
   79                | . variable TOKEN_MINUSMINUS
   80                | . variable TOKEN_PLUSPLUS
   81                | . TOKEN_LPAR expression TOKEN_RPAR
   82 expression_mul: . expression_base
   83               | . expression_mul TOKEN_OPER_MUL expression_base
   84 expression_add: . expression_mul
   85               | . expression_add TOKEN_OPER_SIGNADD expression_mul
   86 expression: . expression_add

    TOKEN_LPAR          shift, and go to state 31
    TOKEN_IDENTIFIER    shift, and go to state 32
    TOKEN_UINT          shift, and go to state 33
    TOKEN_REAL          shift, and go to state 34
    TOKEN_OPER_SIGNADD  shift, and go to state 35

    number           go to state 36
    call_fce         go to state 37
    variable         go to state 38
    expression_base  go to state 39
    expression_mul   go to state 40
    expression_add   go to state 41
    expression       go to state 42


state 24

    6 local_variables: type names TOKEN_SEMICOLON .

    $default  reduce using rule 6 (local_variables)


state 25

   16 names: names TOKEN_COMMA . TOKEN_IDENTIFIER
   17      | names TOKEN_COMMA . TOKEN_IDENTIFIER TOKEN_ASSIGN expression
   18      | names TOKEN_COMMA . TOKEN_IDENTIFIER TOKEN_ASSIGN TOKEN_BEGIN values TOKEN_END

    TOKEN_IDENTIFIER  shift, and go to state 43


state 26

   14 names: . TOKEN_IDENTIFIER
   15      | . TOKEN_IDENTIFIER TOKEN_ASSIGN expression
   16      | . names TOKEN_COMMA TOKEN_IDENTIFIER
   17      | . names TOKEN_COMMA TOKEN_IDENTIFIER TOKEN_ASSIGN expression
   18      | . names TOKEN_COMMA TOKEN_IDENTIFIER TOKEN_ASSIGN TOKEN_BEGIN values TOKEN_END
   26 declare_function_: type function_header TOKEN_LPAR . names TOKEN_RPAR block_of_instructions
   28                  | type function_header TOKEN_LPAR . TOKEN_RPAR block_of_instructions

    TOKEN_RPAR        shift, and go to state 44
    TOKEN_IDENTIFIER  shift, and go to state 15

    names  go to state 45


state 27

   12 ranges: TOKEN_LSBRA TOKEN_UINT . TOKEN_RSBRA

    TOKEN_RSBRA  shift, and go to state 46


state 28

   13 ranges: ranges TOKEN_LSBRA . TOKEN_UINT TOKEN_RSBRA

    TOKEN_UINT  shift, and go to state 47


state 29

    1 program: global_variables declare_functions TOKEN_MAIN TOKEN_LPAR . TOKEN_RPAR block_of_instructions

    TOKEN_RPAR  shift, and go to state 48


state 30

   27 declare_function_: declare_function_ type function_header . TOKEN_LPAR names TOKEN_RPAR block_of_instructions
   29                  | declare_function_ type function_header . TOKEN_LPAR TOKEN_RPAR block_of_instructions

    TOKEN_LPAR  shift, and go to state 49


state 31

   30 number: . TOKEN_OPER_SIGNADD TOKEN_REAL
   31       | . TOKEN_OPER_SIGNADD TOKEN_UINT
   32       | . TOKEN_REAL
   33       | . TOKEN_UINT
   56 call_fce: . TOKEN_IDENTIFIER TOKEN_LPAR call_parameters TOKEN_RPAR
   68 variable: . TOKEN_IDENTIFIER
   69         | . TOKEN_IDENTIFIER array_access
   70         | . call_fce
   71         | . variable TOKEN_DOT call_fce
   72         | . variable TOKEN_DOT TOKEN_IDENTIFIER
   77 expression_base: . variable
   78                | . number
   79                | . variable TOKEN_MINUSMINUS
   80                | . variable TOKEN_PLUSPLUS
   81                | . TOKEN_LPAR expression TOKEN_RPAR
   81                | TOKEN_LPAR . expression TOKEN_RPAR
   82 expression_mul: . expression_base
   83               | . expression_mul TOKEN_OPER_MUL expression_base
   84 expression_add: . expression_mul
   85               | . expression_add TOKEN_OPER_SIGNADD expression_mul
   86 expression: . expression_add

    TOKEN_LPAR          shift, and go to state 31
    TOKEN_IDENTIFIER    shift, and go to state 32
    TOKEN_UINT          shift, and go to state 33
    TOKEN_REAL          shift, and go to state 34
    TOKEN_OPER_SIGNADD  shift, and go to state 35

    number           go to state 36
    call_fce         go to state 37
    variable         go to state 38
    expression_base  go to state 39
    expression_mul   go to state 40
    expression_add   go to state 41
    expression       go to state 50


state 32

   56 call_fce: TOKEN_IDENTIFIER . TOKEN_LPAR call_parameters TOKEN_RPAR
   68 variable: TOKEN_IDENTIFIER .  [TOKEN_SEMICOLON, TOKEN_DOT, TOKEN_COMMA, TOKEN_RPAR, TOKEN_RSBRA, TOKEN_OPER_REL, TOKEN_OPER_SIGNADD, TOKEN_OPER_MUL, TOKEN_PLUSPLUS, TOKEN_MINUSMINUS, TOKEN_BOOL_AND, TOKEN_BOOL_OR]
   69         | TOKEN_IDENTIFIER . array_access
   73 array_access: . TOKEN_LSBRA exps TOKEN_RSBRA
   74             | . array_access TOKEN_LSBRA exps TOKEN_RSBRA

    TOKEN_LPAR   shift, and go to state 51
    TOKEN_LSBRA  shift, and go to state 52

    $default  reduce using rule 68 (variable)

    array_access  go to state 53


state 33

   33 number: TOKEN_UINT .

    $default  reduce using rule 33 (number)


state 34

   32 number: TOKEN_REAL .

    $default  reduce using rule 32 (number)


state 35

   30 number: TOKEN_OPER_SIGNADD . TOKEN_REAL
   31       | TOKEN_OPER_SIGNADD . TOKEN_UINT

    TOKEN_UINT  shift, and go to state 54
    TOKEN_REAL  shift, and go to state 55


state 36

   78 expression_base: number .

    $default  reduce using rule 78 (expression_base)


state 37

   70 variable: call_fce .

    $default  reduce using rule 70 (variable)


state 38

   71 variable: variable . TOKEN_DOT call_fce
   72         | variable . TOKEN_DOT TOKEN_IDENTIFIER
   77 expression_base: variable .  [TOKEN_SEMICOLON, TOKEN_COMMA, TOKEN_RPAR, TOKEN_RSBRA, TOKEN_OPER_REL, TOKEN_OPER_SIGNADD, TOKEN_OPER_MUL, TOKEN_BOOL_AND, TOKEN_BOOL_OR]
   79                | variable . TOKEN_MINUSMINUS
   80                | variable . TOKEN_PLUSPLUS

    TOKEN_DOT         shift, and go to state 56
    TOKEN_PLUSPLUS    shift, and go to state 57
    TOKEN_MINUSMINUS  shift, and go to state 58

    $default  reduce using rule 77 (expression_base)


state 39

   82 expression_mul: expression_base .

    $default  reduce using rule 82 (expression_mul)


state 40

   83 expression_mul: expression_mul . TOKEN_OPER_MUL expression_base
   84 expression_add: expression_mul .  [TOKEN_SEMICOLON, TOKEN_COMMA, TOKEN_RPAR, TOKEN_RSBRA, TOKEN_OPER_REL, TOKEN_OPER_SIGNADD, TOKEN_BOOL_AND, TOKEN_BOOL_OR]

    TOKEN_OPER_MUL  shift, and go to state 59

    $default  reduce using rule 84 (expression_add)


state 41

   85 expression_add: expression_add . TOKEN_OPER_SIGNADD expression_mul
   86 expression: expression_add .  [TOKEN_SEMICOLON, TOKEN_COMMA, TOKEN_RPAR, TOKEN_RSBRA, TOKEN_OPER_REL, TOKEN_BOOL_AND, TOKEN_BOOL_OR]

    TOKEN_OPER_SIGNADD  shift, and go to state 60

    $default  reduce using rule 86 (expression)


state 42

   15 names: TOKEN_IDENTIFIER TOKEN_ASSIGN expression .

    $default  reduce using rule 15 (names)


state 43

   16 names: names TOKEN_COMMA TOKEN_IDENTIFIER .  [TOKEN_SEMICOLON, TOKEN_COMMA, TOKEN_RPAR]
   17      | names TOKEN_COMMA TOKEN_IDENTIFIER . TOKEN_ASSIGN expression
   18      | names TOKEN_COMMA TOKEN_IDENTIFIER . TOKEN_ASSIGN TOKEN_BEGIN values TOKEN_END

    TOKEN_ASSIGN  shift, and go to state 61

    $default  reduce using rule 16 (names)


state 44

   28 declare_function_: type function_header TOKEN_LPAR TOKEN_RPAR . block_of_instructions
   34 block_of_instructions: . TOKEN_BEGIN TOKEN_END
   35                      | . TOKEN_BEGIN TOKEN_SEMICOLON TOKEN_END
   36                      | . TOKEN_BEGIN commands TOKEN_END

    TOKEN_BEGIN  shift, and go to state 62

    block_of_instructions  go to state 63


state 45

   16 names: names . TOKEN_COMMA TOKEN_IDENTIFIER
   17      | names . TOKEN_COMMA TOKEN_IDENTIFIER TOKEN_ASSIGN expression
   18      | names . TOKEN_COMMA TOKEN_IDENTIFIER TOKEN_ASSIGN TOKEN_BEGIN values TOKEN_END
   26 declare_function_: type function_header TOKEN_LPAR names . TOKEN_RPAR block_of_instructions

    TOKEN_COMMA  shift, and go to state 25
    TOKEN_RPAR   shift, and go to state 64


state 46

   12 ranges: TOKEN_LSBRA TOKEN_UINT TOKEN_RSBRA .

    $default  reduce using rule 12 (ranges)


state 47

   13 ranges: ranges TOKEN_LSBRA TOKEN_UINT . TOKEN_RSBRA

    TOKEN_RSBRA  shift, and go to state 65


state 48

    1 program: global_variables declare_functions TOKEN_MAIN TOKEN_LPAR TOKEN_RPAR . block_of_instructions
   34 block_of_instructions: . TOKEN_BEGIN TOKEN_END
   35                      | . TOKEN_BEGIN TOKEN_SEMICOLON TOKEN_END
   36                      | . TOKEN_BEGIN commands TOKEN_END

    TOKEN_BEGIN  shift, and go to state 62

    block_of_instructions  go to state 66


state 49

   14 names: . TOKEN_IDENTIFIER
   15      | . TOKEN_IDENTIFIER TOKEN_ASSIGN expression
   16      | . names TOKEN_COMMA TOKEN_IDENTIFIER
   17      | . names TOKEN_COMMA TOKEN_IDENTIFIER TOKEN_ASSIGN expression
   18      | . names TOKEN_COMMA TOKEN_IDENTIFIER TOKEN_ASSIGN TOKEN_BEGIN values TOKEN_END
   27 declare_function_: declare_function_ type function_header TOKEN_LPAR . names TOKEN_RPAR block_of_instructions
   29                  | declare_function_ type function_header TOKEN_LPAR . TOKEN_RPAR block_of_instructions

    TOKEN_RPAR        shift, and go to state 67
    TOKEN_IDENTIFIER  shift, and go to state 15

    names  go to state 68


state 50

   81 expression_base: TOKEN_LPAR expression . TOKEN_RPAR

    TOKEN_RPAR  shift, and go to state 69


state 51

   30 number: . TOKEN_OPER_SIGNADD TOKEN_REAL
   31       | . TOKEN_OPER_SIGNADD TOKEN_UINT
   32       | . TOKEN_REAL
   33       | . TOKEN_UINT
   56 call_fce: . TOKEN_IDENTIFIER TOKEN_LPAR call_parameters TOKEN_RPAR
   56         | TOKEN_IDENTIFIER TOKEN_LPAR . call_parameters TOKEN_RPAR
   57 call_parameters: . expression
   58                | .  [TOKEN_COMMA, TOKEN_RPAR]
   59                | . call_parameters TOKEN_COMMA expression
   68 variable: . TOKEN_IDENTIFIER
   69         | . TOKEN_IDENTIFIER array_access
   70         | . call_fce
   71         | . variable TOKEN_DOT call_fce
   72         | . variable TOKEN_DOT TOKEN_IDENTIFIER
   77 expression_base: . variable
   78                | . number
   79                | . variable TOKEN_MINUSMINUS
   80                | . variable TOKEN_PLUSPLUS
   81                | . TOKEN_LPAR expression TOKEN_RPAR
   82 expression_mul: . expression_base
   83               | . expression_mul TOKEN_OPER_MUL expression_base
   84 expression_add: . expression_mul
   85               | . expression_add TOKEN_OPER_SIGNADD expression_mul
   86 expression: . expression_add

    TOKEN_LPAR          shift, and go to state 31
    TOKEN_IDENTIFIER    shift, and go to state 32
    TOKEN_UINT          shift, and go to state 33
    TOKEN_REAL          shift, and go to state 34
    TOKEN_OPER_SIGNADD  shift, and go to state 35

    $default  reduce using rule 58 (call_parameters)

    number           go to state 36
    call_fce         go to state 37
    call_parameters  go to state 70
    variable         go to state 38
    expression_base  go to state 39
    expression_mul   go to state 40
    expression_add   go to state 41
    expression       go to state 71


state 52

   30 number: . TOKEN_OPER_SIGNADD TOKEN_REAL
   31       | . TOKEN_OPER_SIGNADD TOKEN_UINT
   32       | . TOKEN_REAL
   33       | . TOKEN_UINT
   56 call_fce: . TOKEN_IDENTIFIER TOKEN_LPAR call_parameters TOKEN_RPAR
   68 variable: . TOKEN_IDENTIFIER
   69         | . TOKEN_IDENTIFIER array_access
   70         | . call_fce
   71         | . variable TOKEN_DOT call_fce
   72         | . variable TOKEN_DOT TOKEN_IDENTIFIER
   73 array_access: TOKEN_LSBRA . exps TOKEN_RSBRA
   75 exps: . expression
   76     | . exps TOKEN_COMMA expression
   77 expression_base: . variable
   78                | . number
   79                | . variable TOKEN_MINUSMINUS
   80                | . variable TOKEN_PLUSPLUS
   81                | . TOKEN_LPAR expression TOKEN_RPAR
   82 expression_mul: . expression_base
   83               | . expression_mul TOKEN_OPER_MUL expression_base
   84 expression_add: . expression_mul
   85               | . expression_add TOKEN_OPER_SIGNADD expression_mul
   86 expression: . expression_add

    TOKEN_LPAR          shift, and go to state 31
    TOKEN_IDENTIFIER    shift, and go to state 32
    TOKEN_UINT          shift, and go to state 33
    TOKEN_REAL          shift, and go to state 34
    TOKEN_OPER_SIGNADD  shift, and go to state 35

    number           go to state 36
    call_fce         go to state 37
    variable         go to state 38
    exps             go to state 72
    expression_base  go to state 39
    expression_mul   go to state 40
    expression_add   go to state 41
    expression       go to state 73


state 53

   69 variable: TOKEN_IDENTIFIER array_access .  [TOKEN_SEMICOLON, TOKEN_DOT, TOKEN_COMMA, TOKEN_RPAR, TOKEN_RSBRA, TOKEN_OPER_REL, TOKEN_OPER_SIGNADD, TOKEN_OPER_MUL, TOKEN_PLUSPLUS, TOKEN_MINUSMINUS, TOKEN_BOOL_AND, TOKEN_BOOL_OR]
   74 array_access: array_access . TOKEN_LSBRA exps TOKEN_RSBRA

    TOKEN_LSBRA  shift, and go to state 74

    $default  reduce using rule 69 (variable)


state 54

   31 number: TOKEN_OPER_SIGNADD TOKEN_UINT .

    $default  reduce using rule 31 (number)


state 55

   30 number: TOKEN_OPER_SIGNADD TOKEN_REAL .

    $default  reduce using rule 30 (number)


state 56

   56 call_fce: . TOKEN_IDENTIFIER TOKEN_LPAR call_parameters TOKEN_RPAR
   71 variable: variable TOKEN_DOT . call_fce
   72         | variable TOKEN_DOT . TOKEN_IDENTIFIER

    TOKEN_IDENTIFIER  shift, and go to state 75

    call_fce  go to state 76


state 57

   80 expression_base: variable TOKEN_PLUSPLUS .

    $default  reduce using rule 80 (expression_base)


state 58

   79 expression_base: variable TOKEN_MINUSMINUS .

    $default  reduce using rule 79 (expression_base)


state 59

   30 number: . TOKEN_OPER_SIGNADD TOKEN_REAL
   31       | . TOKEN_OPER_SIGNADD TOKEN_UINT
   32       | . TOKEN_REAL
   33       | . TOKEN_UINT
   56 call_fce: . TOKEN_IDENTIFIER TOKEN_LPAR call_parameters TOKEN_RPAR
   68 variable: . TOKEN_IDENTIFIER
   69         | . TOKEN_IDENTIFIER array_access
   70         | . call_fce
   71         | . variable TOKEN_DOT call_fce
   72         | . variable TOKEN_DOT TOKEN_IDENTIFIER
   77 expression_base: . variable
   78                | . number
   79                | . variable TOKEN_MINUSMINUS
   80                | . variable TOKEN_PLUSPLUS
   81                | . TOKEN_LPAR expression TOKEN_RPAR
   83 expression_mul: expression_mul TOKEN_OPER_MUL . expression_base

    TOKEN_LPAR          shift, and go to state 31
    TOKEN_IDENTIFIER    shift, and go to state 32
    TOKEN_UINT          shift, and go to state 33
    TOKEN_REAL          shift, and go to state 34
    TOKEN_OPER_SIGNADD  shift, and go to state 35

    number           go to state 36
    call_fce         go to state 37
    variable         go to state 38
    expression_base  go to state 77


state 60

   30 number: . TOKEN_OPER_SIGNADD TOKEN_REAL
   31       | . TOKEN_OPER_SIGNADD TOKEN_UINT
   32       | . TOKEN_REAL
   33       | . TOKEN_UINT
   56 call_fce: . TOKEN_IDENTIFIER TOKEN_LPAR call_parameters TOKEN_RPAR
   68 variable: . TOKEN_IDENTIFIER
   69         | . TOKEN_IDENTIFIER array_access
   70         | . call_fce
   71         | . variable TOKEN_DOT call_fce
   72         | . variable TOKEN_DOT TOKEN_IDENTIFIER
   77 expression_base: . variable
   78                | . number
   79                | . variable TOKEN_MINUSMINUS
   80                | . variable TOKEN_PLUSPLUS
   81                | . TOKEN_LPAR expression TOKEN_RPAR
   82 expression_mul: . expression_base
   83               | . expression_mul TOKEN_OPER_MUL expression_base
   85 expression_add: expression_add TOKEN_OPER_SIGNADD . expression_mul

    TOKEN_LPAR          shift, and go to state 31
    TOKEN_IDENTIFIER    shift, and go to state 32
    TOKEN_UINT          shift, and go to state 33
    TOKEN_REAL          shift, and go to state 34
    TOKEN_OPER_SIGNADD  shift, and go to state 35

    number           go to state 36
    call_fce         go to state 37
    variable         go to state 38
    expression_base  go to state 39
    expression_mul   go to state 78


state 61

   17 names: names TOKEN_COMMA TOKEN_IDENTIFIER TOKEN_ASSIGN . expression
   18      | names TOKEN_COMMA TOKEN_IDENTIFIER TOKEN_ASSIGN . TOKEN_BEGIN values TOKEN_END
   30 number: . TOKEN_OPER_SIGNADD TOKEN_REAL
   31       | . TOKEN_OPER_SIGNADD TOKEN_UINT
   32       | . TOKEN_REAL
   33       | . TOKEN_UINT
   56 call_fce: . TOKEN_IDENTIFIER TOKEN_LPAR call_parameters TOKEN_RPAR
   68 variable: . TOKEN_IDENTIFIER
   69         | . TOKEN_IDENTIFIER array_access
   70         | . call_fce
   71         | . variable TOKEN_DOT call_fce
   72         | . variable TOKEN_DOT TOKEN_IDENTIFIER
   77 expression_base: . variable
   78                | . number
   79                | . variable TOKEN_MINUSMINUS
   80                | . variable TOKEN_PLUSPLUS
   81                | . TOKEN_LPAR expression TOKEN_RPAR
   82 expression_mul: . expression_base
   83               | . expression_mul TOKEN_OPER_MUL expression_base
   84 expression_add: . expression_mul
   85               | . expression_add TOKEN_OPER_SIGNADD expression_mul
   86 expression: . expression_add

    TOKEN_LPAR          shift, and go to state 31
    TOKEN_BEGIN         shift, and go to state 79
    TOKEN_IDENTIFIER    shift, and go to state 32
    TOKEN_UINT          shift, and go to state 33
    TOKEN_REAL          shift, and go to state 34
    TOKEN_OPER_SIGNADD  shift, and go to state 35

    number           go to state 36
    call_fce         go to state 37
    variable         go to state 38
    expression_base  go to state 39
    expression_mul   go to state 40
    expression_add   go to state 41
    expression       go to state 80


state 62

    4 type: . simple_type
    5     | . complex_type
    6 local_variables: . type names TOKEN_SEMICOLON
    7 simple_type: . TOKEN_VAR_REAL
    8            | . TOKEN_VAR_INT
    9            | . TOKEN_LOCATION
   10            | . TOKEN_OBJECT
   11 complex_type: . simple_type ranges
   34 block_of_instructions: . TOKEN_BEGIN TOKEN_END
   34                      | TOKEN_BEGIN . TOKEN_END
   35                      | . TOKEN_BEGIN TOKEN_SEMICOLON TOKEN_END
   35                      | TOKEN_BEGIN . TOKEN_SEMICOLON TOKEN_END
   36                      | . TOKEN_BEGIN commands TOKEN_END
   36                      | TOKEN_BEGIN . commands TOKEN_END
   37 commands: . matched
   38         | . commands matched
   39         | . unmatched
   40         | . commands unmatched
   41 command: . TOKEN_FOR TOKEN_LPAR init TOKEN_SEMICOLON expression_bool TOKEN_SEMICOLON simple_command TOKEN_RPAR block_of_instructions
   42        | . TOKEN_DO block_of_instructions TOKEN_WHILE TOKEN_LPAR expression_bool TOKEN_RPAR TOKEN_SEMICOLON
   43        | . TOKEN_WHILE TOKEN_LPAR expression_bool TOKEN_RPAR block_of_instructions
   44        | . TOKEN_RETURN expression TOKEN_SEMICOLON
   45        | . TOKEN_RETURN TOKEN_SEMICOLON
   46        | . TOKEN_BREAK TOKEN_SEMICOLON
   47        | . local_variables
   48        | . simple_command TOKEN_SEMICOLON
   49 simple_command: . assign
   50               | . variable TOKEN_PLUSPLUS
   51               | . variable TOKEN_MINUSMINUS
   52               | . variable
   53 assign: . variable_left TOKEN_ASSIGN expression
   54 variable_left: . TOKEN_IDENTIFIER
   55              | . TOKEN_IDENTIFIER array_access
   56 call_fce: . TOKEN_IDENTIFIER TOKEN_LPAR call_parameters TOKEN_RPAR
   60 matched: . TOKEN_IF TOKEN_LPAR expression_bool TOKEN_RPAR matched TOKEN_ELSE matched
   61        | . command
   62        | . block_of_instructions
   63 unmatched: . TOKEN_IF TOKEN_LPAR expression_bool TOKEN_RPAR block_of_instructions
   64          | . TOKEN_IF TOKEN_LPAR expression_bool TOKEN_RPAR command
   65          | . TOKEN_IF TOKEN_LPAR expression_bool TOKEN_RPAR matched TOKEN_ELSE unmatched
   68 variable: . TOKEN_IDENTIFIER
   69         | . TOKEN_IDENTIFIER array_access
   70         | . call_fce
   71         | . variable TOKEN_DOT call_fce
   72         | . variable TOKEN_DOT TOKEN_IDENTIFIER

    TOKEN_LOCATION    shift, and go to state 4
    TOKEN_OBJECT      shift, and go to state 5
    TOKEN_VAR_REAL    shift, and go to state 6
    TOKEN_VAR_INT     shift, and go to state 7
    TOKEN_IF          shift, and go to state 81
    TOKEN_WHILE       shift, and go to state 82
    TOKEN_DO          shift, and go to state 83
    TOKEN_FOR         shift, and go to state 84
    TOKEN_RETURN      shift, and go to state 85
    TOKEN_BREAK       shift, and go to state 86
    TOKEN_SEMICOLON   shift, and go to state 87
    TOKEN_BEGIN       shift, and go to state 62
    TOKEN_END         shift, and go to state 88
    TOKEN_IDENTIFIER  shift, and go to state 89

    type                   go to state 90
    local_variables        go to state 91
    simple_type            go to state 10
    complex_type           go to state 11
    block_of_instructions  go to state 92
    commands               go to state 93
    command                go to state 94
    simple_command         go to state 95
    assign                 go to state 96
    variable_left          go to state 97
    call_fce               go to state 37
    matched                go to state 98
    unmatched              go to state 99
    variable               go to state 100


state 63

   28 declare_function_: type function_header TOKEN_LPAR TOKEN_RPAR block_of_instructions .

    $default  reduce using rule 28 (declare_function_)


state 64

   26 declare_function_: type function_header TOKEN_LPAR names TOKEN_RPAR . block_of_instructions
   34 block_of_instructions: . TOKEN_BEGIN TOKEN_END
   35                      | . TOKEN_BEGIN TOKEN_SEMICOLON TOKEN_END
   36                      | . TOKEN_BEGIN commands TOKEN_END

    TOKEN_BEGIN  shift, and go to state 62

    block_of_instructions  go to state 101


state 65

   13 ranges: ranges TOKEN_LSBRA TOKEN_UINT TOKEN_RSBRA .

    $default  reduce using rule 13 (ranges)


state 66

    1 program: global_variables declare_functions TOKEN_MAIN TOKEN_LPAR TOKEN_RPAR block_of_instructions .

    $default  reduce using rule 1 (program)


state 67

   29 declare_function_: declare_function_ type function_header TOKEN_LPAR TOKEN_RPAR . block_of_instructions
   34 block_of_instructions: . TOKEN_BEGIN TOKEN_END
   35                      | . TOKEN_BEGIN TOKEN_SEMICOLON TOKEN_END
   36                      | . TOKEN_BEGIN commands TOKEN_END

    TOKEN_BEGIN  shift, and go to state 62

    block_of_instructions  go to state 102


state 68

   16 names: names . TOKEN_COMMA TOKEN_IDENTIFIER
   17      | names . TOKEN_COMMA TOKEN_IDENTIFIER TOKEN_ASSIGN expression
   18      | names . TOKEN_COMMA TOKEN_IDENTIFIER TOKEN_ASSIGN TOKEN_BEGIN values TOKEN_END
   27 declare_function_: declare_function_ type function_header TOKEN_LPAR names . TOKEN_RPAR block_of_instructions

    TOKEN_COMMA  shift, and go to state 25
    TOKEN_RPAR   shift, and go to state 103


state 69

   81 expression_base: TOKEN_LPAR expression TOKEN_RPAR .

    $default  reduce using rule 81 (expression_base)


state 70

   56 call_fce: TOKEN_IDENTIFIER TOKEN_LPAR call_parameters . TOKEN_RPAR
   59 call_parameters: call_parameters . TOKEN_COMMA expression

    TOKEN_COMMA  shift, and go to state 104
    TOKEN_RPAR   shift, and go to state 105


state 71

   57 call_parameters: expression .

    $default  reduce using rule 57 (call_parameters)


state 72

   73 array_access: TOKEN_LSBRA exps . TOKEN_RSBRA
   76 exps: exps . TOKEN_COMMA expression

    TOKEN_COMMA  shift, and go to state 106
    TOKEN_RSBRA  shift, and go to state 107


state 73

   75 exps: expression .

    $default  reduce using rule 75 (exps)


state 74

   30 number: . TOKEN_OPER_SIGNADD TOKEN_REAL
   31       | . TOKEN_OPER_SIGNADD TOKEN_UINT
   32       | . TOKEN_REAL
   33       | . TOKEN_UINT
   56 call_fce: . TOKEN_IDENTIFIER TOKEN_LPAR call_parameters TOKEN_RPAR
   68 variable: . TOKEN_IDENTIFIER
   69         | . TOKEN_IDENTIFIER array_access
   70         | . call_fce
   71         | . variable TOKEN_DOT call_fce
   72         | . variable TOKEN_DOT TOKEN_IDENTIFIER
   74 array_access: array_access TOKEN_LSBRA . exps TOKEN_RSBRA
   75 exps: . expression
   76     | . exps TOKEN_COMMA expression
   77 expression_base: . variable
   78                | . number
   79                | . variable TOKEN_MINUSMINUS
   80                | . variable TOKEN_PLUSPLUS
   81                | . TOKEN_LPAR expression TOKEN_RPAR
   82 expression_mul: . expression_base
   83               | . expression_mul TOKEN_OPER_MUL expression_base
   84 expression_add: . expression_mul
   85               | . expression_add TOKEN_OPER_SIGNADD expression_mul
   86 expression: . expression_add

    TOKEN_LPAR          shift, and go to state 31
    TOKEN_IDENTIFIER    shift, and go to state 32
    TOKEN_UINT          shift, and go to state 33
    TOKEN_REAL          shift, and go to state 34
    TOKEN_OPER_SIGNADD  shift, and go to state 35

    number           go to state 36
    call_fce         go to state 37
    variable         go to state 38
    exps             go to state 108
    expression_base  go to state 39
    expression_mul   go to state 40
    expression_add   go to state 41
    expression       go to state 73


state 75

   56 call_fce: TOKEN_IDENTIFIER . TOKEN_LPAR call_parameters TOKEN_RPAR
   72 variable: variable TOKEN_DOT TOKEN_IDENTIFIER .  [TOKEN_SEMICOLON, TOKEN_DOT, TOKEN_COMMA, TOKEN_RPAR, TOKEN_RSBRA, TOKEN_OPER_REL, TOKEN_OPER_SIGNADD, TOKEN_OPER_MUL, TOKEN_PLUSPLUS, TOKEN_MINUSMINUS, TOKEN_BOOL_AND, TOKEN_BOOL_OR]

    TOKEN_LPAR  shift, and go to state 51

    $default  reduce using rule 72 (variable)


state 76

   71 variable: variable TOKEN_DOT call_fce .

    $default  reduce using rule 71 (variable)


state 77

   83 expression_mul: expression_mul TOKEN_OPER_MUL expression_base .

    $default  reduce using rule 83 (expression_mul)


state 78

   83 expression_mul: expression_mul . TOKEN_OPER_MUL expression_base
   85 expression_add: expression_add TOKEN_OPER_SIGNADD expression_mul .  [TOKEN_SEMICOLON, TOKEN_COMMA, TOKEN_RPAR, TOKEN_RSBRA, TOKEN_OPER_REL, TOKEN_OPER_SIGNADD, TOKEN_BOOL_AND, TOKEN_BOOL_OR]

    TOKEN_OPER_MUL  shift, and go to state 59

    $default  reduce using rule 85 (expression_add)


state 79

   18 names: names TOKEN_COMMA TOKEN_IDENTIFIER TOKEN_ASSIGN TOKEN_BEGIN . values TOKEN_END
   19 values: . number
   20       | . TOKEN_IDENTIFIER
   21       | . values TOKEN_COMMA TOKEN_IDENTIFIER
   22       | . values TOKEN_COMMA number
   30 number: . TOKEN_OPER_SIGNADD TOKEN_REAL
   31       | . TOKEN_OPER_SIGNADD TOKEN_UINT
   32       | . TOKEN_REAL
   33       | . TOKEN_UINT

    TOKEN_IDENTIFIER    shift, and go to state 109
    TOKEN_UINT          shift, and go to state 33
    TOKEN_REAL          shift, and go to state 34
    TOKEN_OPER_SIGNADD  shift, and go to state 35

    values  go to state 110
    number  go to state 111


state 80

   17 names: names TOKEN_COMMA TOKEN_IDENTIFIER TOKEN_ASSIGN expression .

    $default  reduce using rule 17 (names)


state 81

   60 matched: TOKEN_IF . TOKEN_LPAR expression_bool TOKEN_RPAR matched TOKEN_ELSE matched
   63 unmatched: TOKEN_IF . TOKEN_LPAR expression_bool TOKEN_RPAR block_of_instructions
   64          | TOKEN_IF . TOKEN_LPAR expression_bool TOKEN_RPAR command
   65          | TOKEN_IF . TOKEN_LPAR expression_bool TOKEN_RPAR matched TOKEN_ELSE unmatched

    TOKEN_LPAR  shift, and go to state 112


state 82

   43 command: TOKEN_WHILE . TOKEN_LPAR expression_bool TOKEN_RPAR block_of_instructions

    TOKEN_LPAR  shift, and go to state 113


state 83

   34 block_of_instructions: . TOKEN_BEGIN TOKEN_END
   35                      | . TOKEN_BEGIN TOKEN_SEMICOLON TOKEN_END
   36                      | . TOKEN_BEGIN commands TOKEN_END
   42 command: TOKEN_DO . block_of_instructions TOKEN_WHILE TOKEN_LPAR expression_bool TOKEN_RPAR TOKEN_SEMICOLON

    TOKEN_BEGIN  shift, and go to state 62

    block_of_instructions  go to state 114


state 84

   41 command: TOKEN_FOR . TOKEN_LPAR init TOKEN_SEMICOLON expression_bool TOKEN_SEMICOLON simple_command TOKEN_RPAR block_of_instructions

    TOKEN_LPAR  shift, and go to state 115


state 85

   30 number: . TOKEN_OPER_SIGNADD TOKEN_REAL
   31       | . TOKEN_OPER_SIGNADD TOKEN_UINT
   32       | . TOKEN_REAL
   33       | . TOKEN_UINT
   44 command: TOKEN_RETURN . expression TOKEN_SEMICOLON
   45        | TOKEN_RETURN . TOKEN_SEMICOLON
   56 call_fce: . TOKEN_IDENTIFIER TOKEN_LPAR call_parameters TOKEN_RPAR
   68 variable: . TOKEN_IDENTIFIER
   69         | . TOKEN_IDENTIFIER array_access
   70         | . call_fce
   71         | . variable TOKEN_DOT call_fce
   72         | . variable TOKEN_DOT TOKEN_IDENTIFIER
   77 expression_base: . variable
   78                | . number
   79                | . variable TOKEN_MINUSMINUS
   80                | . variable TOKEN_PLUSPLUS
   81                | . TOKEN_LPAR expression TOKEN_RPAR
   82 expression_mul: . expression_base
   83               | . expression_mul TOKEN_OPER_MUL expression_base
   84 expression_add: . expression_mul
   85               | . expression_add TOKEN_OPER_SIGNADD expression_mul
   86 expression: . expression_add

    TOKEN_SEMICOLON     shift, and go to state 116
    TOKEN_LPAR          shift, and go to state 31
    TOKEN_IDENTIFIER    shift, and go to state 32
    TOKEN_UINT          shift, and go to state 33
    TOKEN_REAL          shift, and go to state 34
    TOKEN_OPER_SIGNADD  shift, and go to state 35

    number           go to state 36
    call_fce         go to state 37
    variable         go to state 38
    expression_base  go to state 39
    expression_mul   go to state 40
    expression_add   go to state 41
    expression       go to state 117


state 86

   46 command: TOKEN_BREAK . TOKEN_SEMICOLON

    TOKEN_SEMICOLON  shift, and go to state 118


state 87

   35 block_of_instructions: TOKEN_BEGIN TOKEN_SEMICOLON . TOKEN_END

    TOKEN_END  shift, and go to state 119


state 88

   34 block_of_instructions: TOKEN_BEGIN TOKEN_END .

    $default  reduce using rule 34 (block_of_instructions)


state 89

   54 variable_left: TOKEN_IDENTIFIER .  [TOKEN_ASSIGN]
   55              | TOKEN_IDENTIFIER . array_access
   56 call_fce: TOKEN_IDENTIFIER . TOKEN_LPAR call_parameters TOKEN_RPAR
   68 variable: TOKEN_IDENTIFIER .  [TOKEN_SEMICOLON, TOKEN_DOT, TOKEN_RPAR, TOKEN_PLUSPLUS, TOKEN_MINUSMINUS]
   69         | TOKEN_IDENTIFIER . array_access
   73 array_access: . TOKEN_LSBRA exps TOKEN_RSBRA
   74             | . array_access TOKEN_LSBRA exps TOKEN_RSBRA

    TOKEN_LPAR   shift, and go to state 51
    TOKEN_LSBRA  shift, and go to state 52

    TOKEN_ASSIGN  reduce using rule 54 (variable_left)
    $default      reduce using rule 68 (variable)

    array_access  go to state 120


state 90

    6 local_variables: type . names TOKEN_SEMICOLON
   14 names: . TOKEN_IDENTIFIER
   15      | . TOKEN_IDENTIFIER TOKEN_ASSIGN expression
   16      | . names TOKEN_COMMA TOKEN_IDENTIFIER
   17      | . names TOKEN_COMMA TOKEN_IDENTIFIER TOKEN_ASSIGN expression
   18      | . names TOKEN_COMMA TOKEN_IDENTIFIER TOKEN_ASSIGN TOKEN_BEGIN values TOKEN_END

    TOKEN_IDENTIFIER  shift, and go to state 15

    names  go to state 16


state 91

   47 command: local_variables .

    $default  reduce using rule 47 (command)


state 92

   62 matched: block_of_instructions .

    $default  reduce using rule 62 (matched)


state 93

    4 type: . simple_type
    5     | . complex_type
    6 local_variables: . type names TOKEN_SEMICOLON
    7 simple_type: . TOKEN_VAR_REAL
    8            | . TOKEN_VAR_INT
    9            | . TOKEN_LOCATION
   10            | . TOKEN_OBJECT
   11 complex_type: . simple_type ranges
   34 block_of_instructions: . TOKEN_BEGIN TOKEN_END
   35                      | . TOKEN_BEGIN TOKEN_SEMICOLON TOKEN_END
   36                      | . TOKEN_BEGIN commands TOKEN_END
   36                      | TOKEN_BEGIN commands . TOKEN_END
   38 commands: commands . matched
   40         | commands . unmatched
   41 command: . TOKEN_FOR TOKEN_LPAR init TOKEN_SEMICOLON expression_bool TOKEN_SEMICOLON simple_command TOKEN_RPAR block_of_instructions
   42        | . TOKEN_DO block_of_instructions TOKEN_WHILE TOKEN_LPAR expression_bool TOKEN_RPAR TOKEN_SEMICOLON
   43        | . TOKEN_WHILE TOKEN_LPAR expression_bool TOKEN_RPAR block_of_instructions
   44        | . TOKEN_RETURN expression TOKEN_SEMICOLON
   45        | . TOKEN_RETURN TOKEN_SEMICOLON
   46        | . TOKEN_BREAK TOKEN_SEMICOLON
   47        | . local_variables
   48        | . simple_command TOKEN_SEMICOLON
   49 simple_command: . assign
   50               | . variable TOKEN_PLUSPLUS
   51               | . variable TOKEN_MINUSMINUS
   52               | . variable
   53 assign: . variable_left TOKEN_ASSIGN expression
   54 variable_left: . TOKEN_IDENTIFIER
   55              | . TOKEN_IDENTIFIER array_access
   56 call_fce: . TOKEN_IDENTIFIER TOKEN_LPAR call_parameters TOKEN_RPAR
   60 matched: . TOKEN_IF TOKEN_LPAR expression_bool TOKEN_RPAR matched TOKEN_ELSE matched
   61        | . command
   62        | . block_of_instructions
   63 unmatched: . TOKEN_IF TOKEN_LPAR expression_bool TOKEN_RPAR block_of_instructions
   64          | . TOKEN_IF TOKEN_LPAR expression_bool TOKEN_RPAR command
   65          | . TOKEN_IF TOKEN_LPAR expression_bool TOKEN_RPAR matched TOKEN_ELSE unmatched
   68 variable: . TOKEN_IDENTIFIER
   69         | . TOKEN_IDENTIFIER array_access
   70         | . call_fce
   71         | . variable TOKEN_DOT call_fce
   72         | . variable TOKEN_DOT TOKEN_IDENTIFIER

    TOKEN_LOCATION    shift, and go to state 4
    TOKEN_OBJECT      shift, and go to state 5
    TOKEN_VAR_REAL    shift, and go to state 6
    TOKEN_VAR_INT     shift, and go to state 7
    TOKEN_IF          shift, and go to state 81
    TOKEN_WHILE       shift, and go to state 82
    TOKEN_DO          shift, and go to state 83
    TOKEN_FOR         shift, and go to state 84
    TOKEN_RETURN      shift, and go to state 85
    TOKEN_BREAK       shift, and go to state 86
    TOKEN_BEGIN       shift, and go to state 62
    TOKEN_END         shift, and go to state 121
    TOKEN_IDENTIFIER  shift, and go to state 89

    type                   go to state 90
    local_variables        go to state 91
    simple_type            go to state 10
    complex_type           go to state 11
    block_of_instructions  go to state 92
    command                go to state 94
    simple_command         go to state 95
    assign                 go to state 96
    variable_left          go to state 97
    call_fce               go to state 37
    matched                go to state 122
    unmatched              go to state 123
    variable               go to state 100


state 94

   61 matched: command .

    $default  reduce using rule 61 (matched)


state 95

   48 command: simple_command . TOKEN_SEMICOLON

    TOKEN_SEMICOLON  shift, and go to state 124


state 96

   49 simple_command: assign .

    $default  reduce using rule 49 (simple_command)


state 97

   53 assign: variable_left . TOKEN_ASSIGN expression

    TOKEN_ASSIGN  shift, and go to state 125


state 98

   37 commands: matched .

    $default  reduce using rule 37 (commands)


state 99

   39 commands: unmatched .

    $default  reduce using rule 39 (commands)


state 100

   50 simple_command: variable . TOKEN_PLUSPLUS
   51               | variable . TOKEN_MINUSMINUS
   52               | variable .  [TOKEN_SEMICOLON, TOKEN_RPAR]
   71 variable: variable . TOKEN_DOT call_fce
   72         | variable . TOKEN_DOT TOKEN_IDENTIFIER

    TOKEN_DOT         shift, and go to state 56
    TOKEN_PLUSPLUS    shift, and go to state 126
    TOKEN_MINUSMINUS  shift, and go to state 127

    $default  reduce using rule 52 (simple_command)


state 101

   26 declare_function_: type function_header TOKEN_LPAR names TOKEN_RPAR block_of_instructions .

    $default  reduce using rule 26 (declare_function_)


state 102

   29 declare_function_: declare_function_ type function_header TOKEN_LPAR TOKEN_RPAR block_of_instructions .

    $default  reduce using rule 29 (declare_function_)


state 103

   27 declare_function_: declare_function_ type function_header TOKEN_LPAR names TOKEN_RPAR . block_of_instructions
   34 block_of_instructions: . TOKEN_BEGIN TOKEN_END
   35                      | . TOKEN_BEGIN TOKEN_SEMICOLON TOKEN_END
   36                      | . TOKEN_BEGIN commands TOKEN_END

    TOKEN_BEGIN  shift, and go to state 62

    block_of_instructions  go to state 128


state 104

   30 number: . TOKEN_OPER_SIGNADD TOKEN_REAL
   31       | . TOKEN_OPER_SIGNADD TOKEN_UINT
   32       | . TOKEN_REAL
   33       | . TOKEN_UINT
   56 call_fce: . TOKEN_IDENTIFIER TOKEN_LPAR call_parameters TOKEN_RPAR
   59 call_parameters: call_parameters TOKEN_COMMA . expression
   68 variable: . TOKEN_IDENTIFIER
   69         | . TOKEN_IDENTIFIER array_access
   70         | . call_fce
   71         | . variable TOKEN_DOT call_fce
   72         | . variable TOKEN_DOT TOKEN_IDENTIFIER
   77 expression_base: . variable
   78                | . number
   79                | . variable TOKEN_MINUSMINUS
   80                | . variable TOKEN_PLUSPLUS
   81                | . TOKEN_LPAR expression TOKEN_RPAR
   82 expression_mul: . expression_base
   83               | . expression_mul TOKEN_OPER_MUL expression_base
   84 expression_add: . expression_mul
   85               | . expression_add TOKEN_OPER_SIGNADD expression_mul
   86 expression: . expression_add

    TOKEN_LPAR          shift, and go to state 31
    TOKEN_IDENTIFIER    shift, and go to state 32
    TOKEN_UINT          shift, and go to state 33
    TOKEN_REAL          shift, and go to state 34
    TOKEN_OPER_SIGNADD  shift, and go to state 35

    number           go to state 36
    call_fce         go to state 37
    variable         go to state 38
    expression_base  go to state 39
    expression_mul   go to state 40
    expression_add   go to state 41
    expression       go to state 129


state 105

   56 call_fce: TOKEN_IDENTIFIER TOKEN_LPAR call_parameters TOKEN_RPAR .

    $default  reduce using rule 56 (call_fce)


state 106

   30 number: . TOKEN_OPER_SIGNADD TOKEN_REAL
   31       | . TOKEN_OPER_SIGNADD TOKEN_UINT
   32       | . TOKEN_REAL
   33       | . TOKEN_UINT
   56 call_fce: . TOKEN_IDENTIFIER TOKEN_LPAR call_parameters TOKEN_RPAR
   68 variable: . TOKEN_IDENTIFIER
   69         | . TOKEN_IDENTIFIER array_access
   70         | . call_fce
   71         | . variable TOKEN_DOT call_fce
   72         | . variable TOKEN_DOT TOKEN_IDENTIFIER
   76 exps: exps TOKEN_COMMA . expression
   77 expression_base: . variable
   78                | . number
   79                | . variable TOKEN_MINUSMINUS
   80                | . variable TOKEN_PLUSPLUS
   81                | . TOKEN_LPAR expression TOKEN_RPAR
   82 expression_mul: . expression_base
   83               | . expression_mul TOKEN_OPER_MUL expression_base
   84 expression_add: . expression_mul
   85               | . expression_add TOKEN_OPER_SIGNADD expression_mul
   86 expression: . expression_add

    TOKEN_LPAR          shift, and go to state 31
    TOKEN_IDENTIFIER    shift, and go to state 32
    TOKEN_UINT          shift, and go to state 33
    TOKEN_REAL          shift, and go to state 34
    TOKEN_OPER_SIGNADD  shift, and go to state 35

    number           go to state 36
    call_fce         go to state 37
    variable         go to state 38
    expression_base  go to state 39
    expression_mul   go to state 40
    expression_add   go to state 41
    expression       go to state 130


state 107

   73 array_access: TOKEN_LSBRA exps TOKEN_RSBRA .

    $default  reduce using rule 73 (array_access)


state 108

   74 array_access: array_access TOKEN_LSBRA exps . TOKEN_RSBRA
   76 exps: exps . TOKEN_COMMA expression

    TOKEN_COMMA  shift, and go to state 106
    TOKEN_RSBRA  shift, and go to state 131


state 109

   20 values: TOKEN_IDENTIFIER .

    $default  reduce using rule 20 (values)


state 110

   18 names: names TOKEN_COMMA TOKEN_IDENTIFIER TOKEN_ASSIGN TOKEN_BEGIN values . TOKEN_END
   21 values: values . TOKEN_COMMA TOKEN_IDENTIFIER
   22       | values . TOKEN_COMMA number

    TOKEN_COMMA  shift, and go to state 132
    TOKEN_END    shift, and go to state 133


state 111

   19 values: number .

    $default  reduce using rule 19 (values)


state 112

   30 number: . TOKEN_OPER_SIGNADD TOKEN_REAL
   31       | . TOKEN_OPER_SIGNADD TOKEN_UINT
   32       | . TOKEN_REAL
   33       | . TOKEN_UINT
   56 call_fce: . TOKEN_IDENTIFIER TOKEN_LPAR call_parameters TOKEN_RPAR
   60 matched: TOKEN_IF TOKEN_LPAR . expression_bool TOKEN_RPAR matched TOKEN_ELSE matched
   63 unmatched: TOKEN_IF TOKEN_LPAR . expression_bool TOKEN_RPAR block_of_instructions
   64          | TOKEN_IF TOKEN_LPAR . expression_bool TOKEN_RPAR command
   65          | TOKEN_IF TOKEN_LPAR . expression_bool TOKEN_RPAR matched TOKEN_ELSE unmatched
   68 variable: . TOKEN_IDENTIFIER
   69         | . TOKEN_IDENTIFIER array_access
   70         | . call_fce
   71         | . variable TOKEN_DOT call_fce
   72         | . variable TOKEN_DOT TOKEN_IDENTIFIER
   77 expression_base: . variable
   78                | . number
   79                | . variable TOKEN_MINUSMINUS
   80                | . variable TOKEN_PLUSPLUS
   81                | . TOKEN_LPAR expression TOKEN_RPAR
   82 expression_mul: . expression_base
   83               | . expression_mul TOKEN_OPER_MUL expression_base
   84 expression_add: . expression_mul
   85               | . expression_add TOKEN_OPER_SIGNADD expression_mul
   86 expression: . expression_add
   87 expression_bool_base: . expression
   88                     | . expression TOKEN_OPER_REL expression
   89 expression_bool_or: . expression_bool_base
   90                   | . expression_bool_or TOKEN_BOOL_OR TOKEN_LPAR expression_bool TOKEN_RPAR
   91 expression_bool: . expression_bool_or
   92                | . expression_bool TOKEN_BOOL_AND expression_bool_or

    TOKEN_LPAR          shift, and go to state 31
    TOKEN_IDENTIFIER    shift, and go to state 32
    TOKEN_UINT          shift, and go to state 33
    TOKEN_REAL          shift, and go to state 34
    TOKEN_OPER_SIGNADD  shift, and go to state 35

    number                go to state 36
    call_fce              go to state 37
    variable              go to state 38
    expression_base       go to state 39
    expression_mul        go to state 40
    expression_add        go to state 41
    expression            go to state 134
    expression_bool_base  go to state 135
    expression_bool_or    go to state 136
    expression_bool       go to state 137


state 113

   30 number: . TOKEN_OPER_SIGNADD TOKEN_REAL
   31       | . TOKEN_OPER_SIGNADD TOKEN_UINT
   32       | . TOKEN_REAL
   33       | . TOKEN_UINT
   43 command: TOKEN_WHILE TOKEN_LPAR . expression_bool TOKEN_RPAR block_of_instructions
   56 call_fce: . TOKEN_IDENTIFIER TOKEN_LPAR call_parameters TOKEN_RPAR
   68 variable: . TOKEN_IDENTIFIER
   69         | . TOKEN_IDENTIFIER array_access
   70         | . call_fce
   71         | . variable TOKEN_DOT call_fce
   72         | . variable TOKEN_DOT TOKEN_IDENTIFIER
   77 expression_base: . variable
   78                | . number
   79                | . variable TOKEN_MINUSMINUS
   80                | . variable TOKEN_PLUSPLUS
   81                | . TOKEN_LPAR expression TOKEN_RPAR
   82 expression_mul: . expression_base
   83               | . expression_mul TOKEN_OPER_MUL expression_base
   84 expression_add: . expression_mul
   85               | . expression_add TOKEN_OPER_SIGNADD expression_mul
   86 expression: . expression_add
   87 expression_bool_base: . expression
   88                     | . expression TOKEN_OPER_REL expression
   89 expression_bool_or: . expression_bool_base
   90                   | . expression_bool_or TOKEN_BOOL_OR TOKEN_LPAR expression_bool TOKEN_RPAR
   91 expression_bool: . expression_bool_or
   92                | . expression_bool TOKEN_BOOL_AND expression_bool_or

    TOKEN_LPAR          shift, and go to state 31
    TOKEN_IDENTIFIER    shift, and go to state 32
    TOKEN_UINT          shift, and go to state 33
    TOKEN_REAL          shift, and go to state 34
    TOKEN_OPER_SIGNADD  shift, and go to state 35

    number                go to state 36
    call_fce              go to state 37
    variable              go to state 38
    expression_base       go to state 39
    expression_mul        go to state 40
    expression_add        go to state 41
    expression            go to state 134
    expression_bool_base  go to state 135
    expression_bool_or    go to state 136
    expression_bool       go to state 138


state 114

   42 command: TOKEN_DO block_of_instructions . TOKEN_WHILE TOKEN_LPAR expression_bool TOKEN_RPAR TOKEN_SEMICOLON

    TOKEN_WHILE  shift, and go to state 139


state 115

    4 type: . simple_type
    5     | . complex_type
    6 local_variables: . type names TOKEN_SEMICOLON
    7 simple_type: . TOKEN_VAR_REAL
    8            | . TOKEN_VAR_INT
    9            | . TOKEN_LOCATION
   10            | . TOKEN_OBJECT
   11 complex_type: . simple_type ranges
   41 command: TOKEN_FOR TOKEN_LPAR . init TOKEN_SEMICOLON expression_bool TOKEN_SEMICOLON simple_command TOKEN_RPAR block_of_instructions
   53 assign: . variable_left TOKEN_ASSIGN expression
   54 variable_left: . TOKEN_IDENTIFIER
   55              | . TOKEN_IDENTIFIER array_access
   66 init: . local_variables
   67     | . assign

    TOKEN_LOCATION    shift, and go to state 4
    TOKEN_OBJECT      shift, and go to state 5
    TOKEN_VAR_REAL    shift, and go to state 6
    TOKEN_VAR_INT     shift, and go to state 7
    TOKEN_IDENTIFIER  shift, and go to state 140

    type             go to state 90
    local_variables  go to state 141
    simple_type      go to state 10
    complex_type     go to state 11
    assign           go to state 142
    variable_left    go to state 97
    init             go to state 143


state 116

   45 command: TOKEN_RETURN TOKEN_SEMICOLON .

    $default  reduce using rule 45 (command)


state 117

   44 command: TOKEN_RETURN expression . TOKEN_SEMICOLON

    TOKEN_SEMICOLON  shift, and go to state 144


state 118

   46 command: TOKEN_BREAK TOKEN_SEMICOLON .

    $default  reduce using rule 46 (command)


state 119

   35 block_of_instructions: TOKEN_BEGIN TOKEN_SEMICOLON TOKEN_END .

    $default  reduce using rule 35 (block_of_instructions)


state 120

   55 variable_left: TOKEN_IDENTIFIER array_access .  [TOKEN_ASSIGN]
   69 variable: TOKEN_IDENTIFIER array_access .  [TOKEN_SEMICOLON, TOKEN_DOT, TOKEN_RPAR, TOKEN_PLUSPLUS, TOKEN_MINUSMINUS]
   74 array_access: array_access . TOKEN_LSBRA exps TOKEN_RSBRA

    TOKEN_LSBRA  shift, and go to state 74

    TOKEN_ASSIGN  reduce using rule 55 (variable_left)
    $default      reduce using rule 69 (variable)


state 121

   36 block_of_instructions: TOKEN_BEGIN commands TOKEN_END .

    $default  reduce using rule 36 (block_of_instructions)


state 122

   38 commands: commands matched .

    $default  reduce using rule 38 (commands)


state 123

   40 commands: commands unmatched .

    $default  reduce using rule 40 (commands)


state 124

   48 command: simple_command TOKEN_SEMICOLON .

    $default  reduce using rule 48 (command)


state 125

   30 number: . TOKEN_OPER_SIGNADD TOKEN_REAL
   31       | . TOKEN_OPER_SIGNADD TOKEN_UINT
   32       | . TOKEN_REAL
   33       | . TOKEN_UINT
   53 assign: variable_left TOKEN_ASSIGN . expression
   56 call_fce: . TOKEN_IDENTIFIER TOKEN_LPAR call_parameters TOKEN_RPAR
   68 variable: . TOKEN_IDENTIFIER
   69         | . TOKEN_IDENTIFIER array_access
   70         | . call_fce
   71         | . variable TOKEN_DOT call_fce
   72         | . variable TOKEN_DOT TOKEN_IDENTIFIER
   77 expression_base: . variable
   78                | . number
   79                | . variable TOKEN_MINUSMINUS
   80                | . variable TOKEN_PLUSPLUS
   81                | . TOKEN_LPAR expression TOKEN_RPAR
   82 expression_mul: . expression_base
   83               | . expression_mul TOKEN_OPER_MUL expression_base
   84 expression_add: . expression_mul
   85               | . expression_add TOKEN_OPER_SIGNADD expression_mul
   86 expression: . expression_add

    TOKEN_LPAR          shift, and go to state 31
    TOKEN_IDENTIFIER    shift, and go to state 32
    TOKEN_UINT          shift, and go to state 33
    TOKEN_REAL          shift, and go to state 34
    TOKEN_OPER_SIGNADD  shift, and go to state 35

    number           go to state 36
    call_fce         go to state 37
    variable         go to state 38
    expression_base  go to state 39
    expression_mul   go to state 40
    expression_add   go to state 41
    expression       go to state 145


state 126

   50 simple_command: variable TOKEN_PLUSPLUS .

    $default  reduce using rule 50 (simple_command)


state 127

   51 simple_command: variable TOKEN_MINUSMINUS .

    $default  reduce using rule 51 (simple_command)


state 128

   27 declare_function_: declare_function_ type function_header TOKEN_LPAR names TOKEN_RPAR block_of_instructions .

    $default  reduce using rule 27 (declare_function_)


state 129

   59 call_parameters: call_parameters TOKEN_COMMA expression .

    $default  reduce using rule 59 (call_parameters)


state 130

   76 exps: exps TOKEN_COMMA expression .

    $default  reduce using rule 76 (exps)


state 131

   74 array_access: array_access TOKEN_LSBRA exps TOKEN_RSBRA .

    $default  reduce using rule 74 (array_access)


state 132

   21 values: values TOKEN_COMMA . TOKEN_IDENTIFIER
   22       | values TOKEN_COMMA . number
   30 number: . TOKEN_OPER_SIGNADD TOKEN_REAL
   31       | . TOKEN_OPER_SIGNADD TOKEN_UINT
   32       | . TOKEN_REAL
   33       | . TOKEN_UINT

    TOKEN_IDENTIFIER    shift, and go to state 146
    TOKEN_UINT          shift, and go to state 33
    TOKEN_REAL          shift, and go to state 34
    TOKEN_OPER_SIGNADD  shift, and go to state 35

    number  go to state 147


state 133

   18 names: names TOKEN_COMMA TOKEN_IDENTIFIER TOKEN_ASSIGN TOKEN_BEGIN values TOKEN_END .

    $default  reduce using rule 18 (names)


state 134

   87 expression_bool_base: expression .  [TOKEN_SEMICOLON, TOKEN_RPAR, TOKEN_BOOL_AND, TOKEN_BOOL_OR]
   88                     | expression . TOKEN_OPER_REL expression

    TOKEN_OPER_REL  shift, and go to state 148

    $default  reduce using rule 87 (expression_bool_base)


state 135

   89 expression_bool_or: expression_bool_base .

    $default  reduce using rule 89 (expression_bool_or)


state 136

   90 expression_bool_or: expression_bool_or . TOKEN_BOOL_OR TOKEN_LPAR expression_bool TOKEN_RPAR
   91 expression_bool: expression_bool_or .  [TOKEN_SEMICOLON, TOKEN_RPAR, TOKEN_BOOL_AND]

    TOKEN_BOOL_OR  shift, and go to state 149

    $default  reduce using rule 91 (expression_bool)


state 137

   60 matched: TOKEN_IF TOKEN_LPAR expression_bool . TOKEN_RPAR matched TOKEN_ELSE matched
   63 unmatched: TOKEN_IF TOKEN_LPAR expression_bool . TOKEN_RPAR block_of_instructions
   64          | TOKEN_IF TOKEN_LPAR expression_bool . TOKEN_RPAR command
   65          | TOKEN_IF TOKEN_LPAR expression_bool . TOKEN_RPAR matched TOKEN_ELSE unmatched
   92 expression_bool: expression_bool . TOKEN_BOOL_AND expression_bool_or

    TOKEN_RPAR      shift, and go to state 150
    TOKEN_BOOL_AND  shift, and go to state 151


state 138

   43 command: TOKEN_WHILE TOKEN_LPAR expression_bool . TOKEN_RPAR block_of_instructions
   92 expression_bool: expression_bool . TOKEN_BOOL_AND expression_bool_or

    TOKEN_RPAR      shift, and go to state 152
    TOKEN_BOOL_AND  shift, and go to state 151


state 139

   42 command: TOKEN_DO block_of_instructions TOKEN_WHILE . TOKEN_LPAR expression_bool TOKEN_RPAR TOKEN_SEMICOLON

    TOKEN_LPAR  shift, and go to state 153


state 140

   54 variable_left: TOKEN_IDENTIFIER .  [TOKEN_ASSIGN]
   55              | TOKEN_IDENTIFIER . array_access
   73 array_access: . TOKEN_LSBRA exps TOKEN_RSBRA
   74             | . array_access TOKEN_LSBRA exps TOKEN_RSBRA

    TOKEN_LSBRA  shift, and go to state 52

    $default  reduce using rule 54 (variable_left)

    array_access  go to state 154


state 141

   66 init: local_variables .

    $default  reduce using rule 66 (init)


state 142

   67 init: assign .

    $default  reduce using rule 67 (init)


state 143

   41 command: TOKEN_FOR TOKEN_LPAR init . TOKEN_SEMICOLON expression_bool TOKEN_SEMICOLON simple_command TOKEN_RPAR block_of_instructions

    TOKEN_SEMICOLON  shift, and go to state 155


state 144

   44 command: TOKEN_RETURN expression TOKEN_SEMICOLON .

    $default  reduce using rule 44 (command)


state 145

   53 assign: variable_left TOKEN_ASSIGN expression .

    $default  reduce using rule 53 (assign)


state 146

   21 values: values TOKEN_COMMA TOKEN_IDENTIFIER .

    $default  reduce using rule 21 (values)


state 147

   22 values: values TOKEN_COMMA number .

    $default  reduce using rule 22 (values)


state 148

   30 number: . TOKEN_OPER_SIGNADD TOKEN_REAL
   31       | . TOKEN_OPER_SIGNADD TOKEN_UINT
   32       | . TOKEN_REAL
   33       | . TOKEN_UINT
   56 call_fce: . TOKEN_IDENTIFIER TOKEN_LPAR call_parameters TOKEN_RPAR
   68 variable: . TOKEN_IDENTIFIER
   69         | . TOKEN_IDENTIFIER array_access
   70         | . call_fce
   71         | . variable TOKEN_DOT call_fce
   72         | . variable TOKEN_DOT TOKEN_IDENTIFIER
   77 expression_base: . variable
   78                | . number
   79                | . variable TOKEN_MINUSMINUS
   80                | . variable TOKEN_PLUSPLUS
   81                | . TOKEN_LPAR expression TOKEN_RPAR
   82 expression_mul: . expression_base
   83               | . expression_mul TOKEN_OPER_MUL expression_base
   84 expression_add: . expression_mul
   85               | . expression_add TOKEN_OPER_SIGNADD expression_mul
   86 expression: . expression_add
   88 expression_bool_base: expression TOKEN_OPER_REL . expression

    TOKEN_LPAR          shift, and go to state 31
    TOKEN_IDENTIFIER    shift, and go to state 32
    TOKEN_UINT          shift, and go to state 33
    TOKEN_REAL          shift, and go to state 34
    TOKEN_OPER_SIGNADD  shift, and go to state 35

    number           go to state 36
    call_fce         go to state 37
    variable         go to state 38
    expression_base  go to state 39
    expression_mul   go to state 40
    expression_add   go to state 41
    expression       go to state 156


state 149

   90 expression_bool_or: expression_bool_or TOKEN_BOOL_OR . TOKEN_LPAR expression_bool TOKEN_RPAR

    TOKEN_LPAR  shift, and go to state 157


state 150

    4 type: . simple_type
    5     | . complex_type
    6 local_variables: . type names TOKEN_SEMICOLON
    7 simple_type: . TOKEN_VAR_REAL
    8            | . TOKEN_VAR_INT
    9            | . TOKEN_LOCATION
   10            | . TOKEN_OBJECT
   11 complex_type: . simple_type ranges
   34 block_of_instructions: . TOKEN_BEGIN TOKEN_END
   35                      | . TOKEN_BEGIN TOKEN_SEMICOLON TOKEN_END
   36                      | . TOKEN_BEGIN commands TOKEN_END
   41 command: . TOKEN_FOR TOKEN_LPAR init TOKEN_SEMICOLON expression_bool TOKEN_SEMICOLON simple_command TOKEN_RPAR block_of_instructions
   42        | . TOKEN_DO block_of_instructions TOKEN_WHILE TOKEN_LPAR expression_bool TOKEN_RPAR TOKEN_SEMICOLON
   43        | . TOKEN_WHILE TOKEN_LPAR expression_bool TOKEN_RPAR block_of_instructions
   44        | . TOKEN_RETURN expression TOKEN_SEMICOLON
   45        | . TOKEN_RETURN TOKEN_SEMICOLON
   46        | . TOKEN_BREAK TOKEN_SEMICOLON
   47        | . local_variables
   48        | . simple_command TOKEN_SEMICOLON
   49 simple_command: . assign
   50               | . variable TOKEN_PLUSPLUS
   51               | . variable TOKEN_MINUSMINUS
   52               | . variable
   53 assign: . variable_left TOKEN_ASSIGN expression
   54 variable_left: . TOKEN_IDENTIFIER
   55              | . TOKEN_IDENTIFIER array_access
   56 call_fce: . TOKEN_IDENTIFIER TOKEN_LPAR call_parameters TOKEN_RPAR
   60 matched: . TOKEN_IF TOKEN_LPAR expression_bool TOKEN_RPAR matched TOKEN_ELSE matched
   60        | TOKEN_IF TOKEN_LPAR expression_bool TOKEN_RPAR . matched TOKEN_ELSE matched
   61        | . command
   62        | . block_of_instructions
   63 unmatched: TOKEN_IF TOKEN_LPAR expression_bool TOKEN_RPAR . block_of_instructions
   64          | TOKEN_IF TOKEN_LPAR expression_bool TOKEN_RPAR . command
   65          | TOKEN_IF TOKEN_LPAR expression_bool TOKEN_RPAR . matched TOKEN_ELSE unmatched
   68 variable: . TOKEN_IDENTIFIER
   69         | . TOKEN_IDENTIFIER array_access
   70         | . call_fce
   71         | . variable TOKEN_DOT call_fce
   72         | . variable TOKEN_DOT TOKEN_IDENTIFIER

    TOKEN_LOCATION    shift, and go to state 4
    TOKEN_OBJECT      shift, and go to state 5
    TOKEN_VAR_REAL    shift, and go to state 6
    TOKEN_VAR_INT     shift, and go to state 7
    TOKEN_IF          shift, and go to state 158
    TOKEN_WHILE       shift, and go to state 82
    TOKEN_DO          shift, and go to state 83
    TOKEN_FOR         shift, and go to state 84
    TOKEN_RETURN      shift, and go to state 85
    TOKEN_BREAK       shift, and go to state 86
    TOKEN_BEGIN       shift, and go to state 62
    TOKEN_IDENTIFIER  shift, and go to state 89

    type                   go to state 90
    local_variables        go to state 91
    simple_type            go to state 10
    complex_type           go to state 11
    block_of_instructions  go to state 159
    command                go to state 160
    simple_command         go to state 95
    assign                 go to state 96
    variable_left          go to state 97
    call_fce               go to state 37
    matched                go to state 161
    variable               go to state 100


state 151

   30 number: . TOKEN_OPER_SIGNADD TOKEN_REAL
   31       | . TOKEN_OPER_SIGNADD TOKEN_UINT
   32       | . TOKEN_REAL
   33       | . TOKEN_UINT
   56 call_fce: . TOKEN_IDENTIFIER TOKEN_LPAR call_parameters TOKEN_RPAR
   68 variable: . TOKEN_IDENTIFIER
   69         | . TOKEN_IDENTIFIER array_access
   70         | . call_fce
   71         | . variable TOKEN_DOT call_fce
   72         | . variable TOKEN_DOT TOKEN_IDENTIFIER
   77 expression_base: . variable
   78                | . number
   79                | . variable TOKEN_MINUSMINUS
   80                | . variable TOKEN_PLUSPLUS
   81                | . TOKEN_LPAR expression TOKEN_RPAR
   82 expression_mul: . expression_base
   83               | . expression_mul TOKEN_OPER_MUL expression_base
   84 expression_add: . expression_mul
   85               | . expression_add TOKEN_OPER_SIGNADD expression_mul
   86 expression: . expression_add
   87 expression_bool_base: . expression
   88                     | . expression TOKEN_OPER_REL expression
   89 expression_bool_or: . expression_bool_base
   90                   | . expression_bool_or TOKEN_BOOL_OR TOKEN_LPAR expression_bool TOKEN_RPAR
   92 expression_bool: expression_bool TOKEN_BOOL_AND . expression_bool_or

    TOKEN_LPAR          shift, and go to state 31
    TOKEN_IDENTIFIER    shift, and go to state 32
    TOKEN_UINT          shift, and go to state 33
    TOKEN_REAL          shift, and go to state 34
    TOKEN_OPER_SIGNADD  shift, and go to state 35

    number                go to state 36
    call_fce              go to state 37
    variable              go to state 38
    expression_base       go to state 39
    expression_mul        go to state 40
    expression_add        go to state 41
    expression            go to state 134
    expression_bool_base  go to state 135
    expression_bool_or    go to state 162


state 152

   34 block_of_instructions: . TOKEN_BEGIN TOKEN_END
   35                      | . TOKEN_BEGIN TOKEN_SEMICOLON TOKEN_END
   36                      | . TOKEN_BEGIN commands TOKEN_END
   43 command: TOKEN_WHILE TOKEN_LPAR expression_bool TOKEN_RPAR . block_of_instructions

    TOKEN_BEGIN  shift, and go to state 62

    block_of_instructions  go to state 163


state 153

   30 number: . TOKEN_OPER_SIGNADD TOKEN_REAL
   31       | . TOKEN_OPER_SIGNADD TOKEN_UINT
   32       | . TOKEN_REAL
   33       | . TOKEN_UINT
   42 command: TOKEN_DO block_of_instructions TOKEN_WHILE TOKEN_LPAR . expression_bool TOKEN_RPAR TOKEN_SEMICOLON
   56 call_fce: . TOKEN_IDENTIFIER TOKEN_LPAR call_parameters TOKEN_RPAR
   68 variable: . TOKEN_IDENTIFIER
   69         | . TOKEN_IDENTIFIER array_access
   70         | . call_fce
   71         | . variable TOKEN_DOT call_fce
   72         | . variable TOKEN_DOT TOKEN_IDENTIFIER
   77 expression_base: . variable
   78                | . number
   79                | . variable TOKEN_MINUSMINUS
   80                | . variable TOKEN_PLUSPLUS
   81                | . TOKEN_LPAR expression TOKEN_RPAR
   82 expression_mul: . expression_base
   83               | . expression_mul TOKEN_OPER_MUL expression_base
   84 expression_add: . expression_mul
   85               | . expression_add TOKEN_OPER_SIGNADD expression_mul
   86 expression: . expression_add
   87 expression_bool_base: . expression
   88                     | . expression TOKEN_OPER_REL expression
   89 expression_bool_or: . expression_bool_base
   90                   | . expression_bool_or TOKEN_BOOL_OR TOKEN_LPAR expression_bool TOKEN_RPAR
   91 expression_bool: . expression_bool_or
   92                | . expression_bool TOKEN_BOOL_AND expression_bool_or

    TOKEN_LPAR          shift, and go to state 31
    TOKEN_IDENTIFIER    shift, and go to state 32
    TOKEN_UINT          shift, and go to state 33
    TOKEN_REAL          shift, and go to state 34
    TOKEN_OPER_SIGNADD  shift, and go to state 35

    number                go to state 36
    call_fce              go to state 37
    variable              go to state 38
    expression_base       go to state 39
    expression_mul        go to state 40
    expression_add        go to state 41
    expression            go to state 134
    expression_bool_base  go to state 135
    expression_bool_or    go to state 136
    expression_bool       go to state 164


state 154

   55 variable_left: TOKEN_IDENTIFIER array_access .  [TOKEN_ASSIGN]
   74 array_access: array_access . TOKEN_LSBRA exps TOKEN_RSBRA

    TOKEN_LSBRA  shift, and go to state 74

    $default  reduce using rule 55 (variable_left)


state 155

   30 number: . TOKEN_OPER_SIGNADD TOKEN_REAL
   31       | . TOKEN_OPER_SIGNADD TOKEN_UINT
   32       | . TOKEN_REAL
   33       | . TOKEN_UINT
   41 command: TOKEN_FOR TOKEN_LPAR init TOKEN_SEMICOLON . expression_bool TOKEN_SEMICOLON simple_command TOKEN_RPAR block_of_instructions
   56 call_fce: . TOKEN_IDENTIFIER TOKEN_LPAR call_parameters TOKEN_RPAR
   68 variable: . TOKEN_IDENTIFIER
   69         | . TOKEN_IDENTIFIER array_access
   70         | . call_fce
   71         | . variable TOKEN_DOT call_fce
   72         | . variable TOKEN_DOT TOKEN_IDENTIFIER
   77 expression_base: . variable
   78                | . number
   79                | . variable TOKEN_MINUSMINUS
   80                | . variable TOKEN_PLUSPLUS
   81                | . TOKEN_LPAR expression TOKEN_RPAR
   82 expression_mul: . expression_base
   83               | . expression_mul TOKEN_OPER_MUL expression_base
   84 expression_add: . expression_mul
   85               | . expression_add TOKEN_OPER_SIGNADD expression_mul
   86 expression: . expression_add
   87 expression_bool_base: . expression
   88                     | . expression TOKEN_OPER_REL expression
   89 expression_bool_or: . expression_bool_base
   90                   | . expression_bool_or TOKEN_BOOL_OR TOKEN_LPAR expression_bool TOKEN_RPAR
   91 expression_bool: . expression_bool_or
   92                | . expression_bool TOKEN_BOOL_AND expression_bool_or

    TOKEN_LPAR          shift, and go to state 31
    TOKEN_IDENTIFIER    shift, and go to state 32
    TOKEN_UINT          shift, and go to state 33
    TOKEN_REAL          shift, and go to state 34
    TOKEN_OPER_SIGNADD  shift, and go to state 35

    number                go to state 36
    call_fce              go to state 37
    variable              go to state 38
    expression_base       go to state 39
    expression_mul        go to state 40
    expression_add        go to state 41
    expression            go to state 134
    expression_bool_base  go to state 135
    expression_bool_or    go to state 136
    expression_bool       go to state 165


state 156

   88 expression_bool_base: expression TOKEN_OPER_REL expression .

    $default  reduce using rule 88 (expression_bool_base)


state 157

   30 number: . TOKEN_OPER_SIGNADD TOKEN_REAL
   31       | . TOKEN_OPER_SIGNADD TOKEN_UINT
   32       | . TOKEN_REAL
   33       | . TOKEN_UINT
   56 call_fce: . TOKEN_IDENTIFIER TOKEN_LPAR call_parameters TOKEN_RPAR
   68 variable: . TOKEN_IDENTIFIER
   69         | . TOKEN_IDENTIFIER array_access
   70         | . call_fce
   71         | . variable TOKEN_DOT call_fce
   72         | . variable TOKEN_DOT TOKEN_IDENTIFIER
   77 expression_base: . variable
   78                | . number
   79                | . variable TOKEN_MINUSMINUS
   80                | . variable TOKEN_PLUSPLUS
   81                | . TOKEN_LPAR expression TOKEN_RPAR
   82 expression_mul: . expression_base
   83               | . expression_mul TOKEN_OPER_MUL expression_base
   84 expression_add: . expression_mul
   85               | . expression_add TOKEN_OPER_SIGNADD expression_mul
   86 expression: . expression_add
   87 expression_bool_base: . expression
   88                     | . expression TOKEN_OPER_REL expression
   89 expression_bool_or: . expression_bool_base
   90                   | . expression_bool_or TOKEN_BOOL_OR TOKEN_LPAR expression_bool TOKEN_RPAR
   90                   | expression_bool_or TOKEN_BOOL_OR TOKEN_LPAR . expression_bool TOKEN_RPAR
   91 expression_bool: . expression_bool_or
   92                | . expression_bool TOKEN_BOOL_AND expression_bool_or

    TOKEN_LPAR          shift, and go to state 31
    TOKEN_IDENTIFIER    shift, and go to state 32
    TOKEN_UINT          shift, and go to state 33
    TOKEN_REAL          shift, and go to state 34
    TOKEN_OPER_SIGNADD  shift, and go to state 35

    number                go to state 36
    call_fce              go to state 37
    variable              go to state 38
    expression_base       go to state 39
    expression_mul        go to state 40
    expression_add        go to state 41
    expression            go to state 134
    expression_bool_base  go to state 135
    expression_bool_or    go to state 136
    expression_bool       go to state 166


state 158

   60 matched: TOKEN_IF . TOKEN_LPAR expression_bool TOKEN_RPAR matched TOKEN_ELSE matched

    TOKEN_LPAR  shift, and go to state 167


state 159

   62 matched: block_of_instructions .  [TOKEN_ELSE]
   63 unmatched: TOKEN_IF TOKEN_LPAR expression_bool TOKEN_RPAR block_of_instructions .  [TOKEN_LOCATION, TOKEN_OBJECT, TOKEN_VAR_REAL, TOKEN_VAR_INT, TOKEN_IF, TOKEN_WHILE, TOKEN_DO, TOKEN_FOR, TOKEN_RETURN, TOKEN_BREAK, TOKEN_BEGIN, TOKEN_END, TOKEN_IDENTIFIER]

    TOKEN_ELSE  reduce using rule 62 (matched)
    $default    reduce using rule 63 (unmatched)


state 160

   61 matched: command .  [TOKEN_ELSE]
   64 unmatched: TOKEN_IF TOKEN_LPAR expression_bool TOKEN_RPAR command .  [TOKEN_LOCATION, TOKEN_OBJECT, TOKEN_VAR_REAL, TOKEN_VAR_INT, TOKEN_IF, TOKEN_WHILE, TOKEN_DO, TOKEN_FOR, TOKEN_RETURN, TOKEN_BREAK, TOKEN_BEGIN, TOKEN_END, TOKEN_IDENTIFIER]

    TOKEN_ELSE  reduce using rule 61 (matched)
    $default    reduce using rule 64 (unmatched)


state 161

   60 matched: TOKEN_IF TOKEN_LPAR expression_bool TOKEN_RPAR matched . TOKEN_ELSE matched
   65 unmatched: TOKEN_IF TOKEN_LPAR expression_bool TOKEN_RPAR matched . TOKEN_ELSE unmatched

    TOKEN_ELSE  shift, and go to state 168


state 162

   90 expression_bool_or: expression_bool_or . TOKEN_BOOL_OR TOKEN_LPAR expression_bool TOKEN_RPAR
   92 expression_bool: expression_bool TOKEN_BOOL_AND expression_bool_or .  [TOKEN_SEMICOLON, TOKEN_RPAR, TOKEN_BOOL_AND]

    TOKEN_BOOL_OR  shift, and go to state 149

    $default  reduce using rule 92 (expression_bool)


state 163

   43 command: TOKEN_WHILE TOKEN_LPAR expression_bool TOKEN_RPAR block_of_instructions .

    $default  reduce using rule 43 (command)


state 164

   42 command: TOKEN_DO block_of_instructions TOKEN_WHILE TOKEN_LPAR expression_bool . TOKEN_RPAR TOKEN_SEMICOLON
   92 expression_bool: expression_bool . TOKEN_BOOL_AND expression_bool_or

    TOKEN_RPAR      shift, and go to state 169
    TOKEN_BOOL_AND  shift, and go to state 151


state 165

   41 command: TOKEN_FOR TOKEN_LPAR init TOKEN_SEMICOLON expression_bool . TOKEN_SEMICOLON simple_command TOKEN_RPAR block_of_instructions
   92 expression_bool: expression_bool . TOKEN_BOOL_AND expression_bool_or

    TOKEN_SEMICOLON  shift, and go to state 170
    TOKEN_BOOL_AND   shift, and go to state 151


state 166

   90 expression_bool_or: expression_bool_or TOKEN_BOOL_OR TOKEN_LPAR expression_bool . TOKEN_RPAR
   92 expression_bool: expression_bool . TOKEN_BOOL_AND expression_bool_or

    TOKEN_RPAR      shift, and go to state 171
    TOKEN_BOOL_AND  shift, and go to state 151


state 167

   30 number: . TOKEN_OPER_SIGNADD TOKEN_REAL
   31       | . TOKEN_OPER_SIGNADD TOKEN_UINT
   32       | . TOKEN_REAL
   33       | . TOKEN_UINT
   56 call_fce: . TOKEN_IDENTIFIER TOKEN_LPAR call_parameters TOKEN_RPAR
   60 matched: TOKEN_IF TOKEN_LPAR . expression_bool TOKEN_RPAR matched TOKEN_ELSE matched
   68 variable: . TOKEN_IDENTIFIER
   69         | . TOKEN_IDENTIFIER array_access
   70         | . call_fce
   71         | . variable TOKEN_DOT call_fce
   72         | . variable TOKEN_DOT TOKEN_IDENTIFIER
   77 expression_base: . variable
   78                | . number
   79                | . variable TOKEN_MINUSMINUS
   80                | . variable TOKEN_PLUSPLUS
   81                | . TOKEN_LPAR expression TOKEN_RPAR
   82 expression_mul: . expression_base
   83               | . expression_mul TOKEN_OPER_MUL expression_base
   84 expression_add: . expression_mul
   85               | . expression_add TOKEN_OPER_SIGNADD expression_mul
   86 expression: . expression_add
   87 expression_bool_base: . expression
   88                     | . expression TOKEN_OPER_REL expression
   89 expression_bool_or: . expression_bool_base
   90                   | . expression_bool_or TOKEN_BOOL_OR TOKEN_LPAR expression_bool TOKEN_RPAR
   91 expression_bool: . expression_bool_or
   92                | . expression_bool TOKEN_BOOL_AND expression_bool_or

    TOKEN_LPAR          shift, and go to state 31
    TOKEN_IDENTIFIER    shift, and go to state 32
    TOKEN_UINT          shift, and go to state 33
    TOKEN_REAL          shift, and go to state 34
    TOKEN_OPER_SIGNADD  shift, and go to state 35

    number                go to state 36
    call_fce              go to state 37
    variable              go to state 38
    expression_base       go to state 39
    expression_mul        go to state 40
    expression_add        go to state 41
    expression            go to state 134
    expression_bool_base  go to state 135
    expression_bool_or    go to state 136
    expression_bool       go to state 172


state 168

    4 type: . simple_type
    5     | . complex_type
    6 local_variables: . type names TOKEN_SEMICOLON
    7 simple_type: . TOKEN_VAR_REAL
    8            | . TOKEN_VAR_INT
    9            | . TOKEN_LOCATION
   10            | . TOKEN_OBJECT
   11 complex_type: . simple_type ranges
   34 block_of_instructions: . TOKEN_BEGIN TOKEN_END
   35                      | . TOKEN_BEGIN TOKEN_SEMICOLON TOKEN_END
   36                      | . TOKEN_BEGIN commands TOKEN_END
   41 command: . TOKEN_FOR TOKEN_LPAR init TOKEN_SEMICOLON expression_bool TOKEN_SEMICOLON simple_command TOKEN_RPAR block_of_instructions
   42        | . TOKEN_DO block_of_instructions TOKEN_WHILE TOKEN_LPAR expression_bool TOKEN_RPAR TOKEN_SEMICOLON
   43        | . TOKEN_WHILE TOKEN_LPAR expression_bool TOKEN_RPAR block_of_instructions
   44        | . TOKEN_RETURN expression TOKEN_SEMICOLON
   45        | . TOKEN_RETURN TOKEN_SEMICOLON
   46        | . TOKEN_BREAK TOKEN_SEMICOLON
   47        | . local_variables
   48        | . simple_command TOKEN_SEMICOLON
   49 simple_command: . assign
   50               | . variable TOKEN_PLUSPLUS
   51               | . variable TOKEN_MINUSMINUS
   52               | . variable
   53 assign: . variable_left TOKEN_ASSIGN expression
   54 variable_left: . TOKEN_IDENTIFIER
   55              | . TOKEN_IDENTIFIER array_access
   56 call_fce: . TOKEN_IDENTIFIER TOKEN_LPAR call_parameters TOKEN_RPAR
   60 matched: . TOKEN_IF TOKEN_LPAR expression_bool TOKEN_RPAR matched TOKEN_ELSE matched
   60        | TOKEN_IF TOKEN_LPAR expression_bool TOKEN_RPAR matched TOKEN_ELSE . matched
   61        | . command
   62        | . block_of_instructions
   63 unmatched: . TOKEN_IF TOKEN_LPAR expression_bool TOKEN_RPAR block_of_instructions
   64          | . TOKEN_IF TOKEN_LPAR expression_bool TOKEN_RPAR command
   65          | . TOKEN_IF TOKEN_LPAR expression_bool TOKEN_RPAR matched TOKEN_ELSE unmatched
   65          | TOKEN_IF TOKEN_LPAR expression_bool TOKEN_RPAR matched TOKEN_ELSE . unmatched
   68 variable: . TOKEN_IDENTIFIER
   69         | . TOKEN_IDENTIFIER array_access
   70         | . call_fce
   71         | . variable TOKEN_DOT call_fce
   72         | . variable TOKEN_DOT TOKEN_IDENTIFIER

    TOKEN_LOCATION    shift, and go to state 4
    TOKEN_OBJECT      shift, and go to state 5
    TOKEN_VAR_REAL    shift, and go to state 6
    TOKEN_VAR_INT     shift, and go to state 7
    TOKEN_IF          shift, and go to state 81
    TOKEN_WHILE       shift, and go to state 82
    TOKEN_DO          shift, and go to state 83
    TOKEN_FOR         shift, and go to state 84
    TOKEN_RETURN      shift, and go to state 85
    TOKEN_BREAK       shift, and go to state 86
    TOKEN_BEGIN       shift, and go to state 62
    TOKEN_IDENTIFIER  shift, and go to state 89

    type                   go to state 90
    local_variables        go to state 91
    simple_type            go to state 10
    complex_type           go to state 11
    block_of_instructions  go to state 92
    command                go to state 94
    simple_command         go to state 95
    assign                 go to state 96
    variable_left          go to state 97
    call_fce               go to state 37
    matched                go to state 173
    unmatched              go to state 174
    variable               go to state 100


state 169

   42 command: TOKEN_DO block_of_instructions TOKEN_WHILE TOKEN_LPAR expression_bool TOKEN_RPAR . TOKEN_SEMICOLON

    TOKEN_SEMICOLON  shift, and go to state 175


state 170

   41 command: TOKEN_FOR TOKEN_LPAR init TOKEN_SEMICOLON expression_bool TOKEN_SEMICOLON . simple_command TOKEN_RPAR block_of_instructions
   49 simple_command: . assign
   50               | . variable TOKEN_PLUSPLUS
   51               | . variable TOKEN_MINUSMINUS
   52               | . variable
   53 assign: . variable_left TOKEN_ASSIGN expression
   54 variable_left: . TOKEN_IDENTIFIER
   55              | . TOKEN_IDENTIFIER array_access
   56 call_fce: . TOKEN_IDENTIFIER TOKEN_LPAR call_parameters TOKEN_RPAR
   68 variable: . TOKEN_IDENTIFIER
   69         | . TOKEN_IDENTIFIER array_access
   70         | . call_fce
   71         | . variable TOKEN_DOT call_fce
   72         | . variable TOKEN_DOT TOKEN_IDENTIFIER

    TOKEN_IDENTIFIER  shift, and go to state 89

    simple_command  go to state 176
    assign          go to state 96
    variable_left   go to state 97
    call_fce        go to state 37
    variable        go to state 100


state 171

   90 expression_bool_or: expression_bool_or TOKEN_BOOL_OR TOKEN_LPAR expression_bool TOKEN_RPAR .

    $default  reduce using rule 90 (expression_bool_or)


state 172

   60 matched: TOKEN_IF TOKEN_LPAR expression_bool . TOKEN_RPAR matched TOKEN_ELSE matched
   92 expression_bool: expression_bool . TOKEN_BOOL_AND expression_bool_or

    TOKEN_RPAR      shift, and go to state 177
    TOKEN_BOOL_AND  shift, and go to state 151


state 173

   60 matched: TOKEN_IF TOKEN_LPAR expression_bool TOKEN_RPAR matched TOKEN_ELSE matched .

    $default  reduce using rule 60 (matched)


state 174

   65 unmatched: TOKEN_IF TOKEN_LPAR expression_bool TOKEN_RPAR matched TOKEN_ELSE unmatched .

    $default  reduce using rule 65 (unmatched)


state 175

   42 command: TOKEN_DO block_of_instructions TOKEN_WHILE TOKEN_LPAR expression_bool TOKEN_RPAR TOKEN_SEMICOLON .

    $default  reduce using rule 42 (command)


state 176

   41 command: TOKEN_FOR TOKEN_LPAR init TOKEN_SEMICOLON expression_bool TOKEN_SEMICOLON simple_command . TOKEN_RPAR block_of_instructions

    TOKEN_RPAR  shift, and go to state 178


state 177

    4 type: . simple_type
    5     | . complex_type
    6 local_variables: . type names TOKEN_SEMICOLON
    7 simple_type: . TOKEN_VAR_REAL
    8            | . TOKEN_VAR_INT
    9            | . TOKEN_LOCATION
   10            | . TOKEN_OBJECT
   11 complex_type: . simple_type ranges
   34 block_of_instructions: . TOKEN_BEGIN TOKEN_END
   35                      | . TOKEN_BEGIN TOKEN_SEMICOLON TOKEN_END
   36                      | . TOKEN_BEGIN commands TOKEN_END
   41 command: . TOKEN_FOR TOKEN_LPAR init TOKEN_SEMICOLON expression_bool TOKEN_SEMICOLON simple_command TOKEN_RPAR block_of_instructions
   42        | . TOKEN_DO block_of_instructions TOKEN_WHILE TOKEN_LPAR expression_bool TOKEN_RPAR TOKEN_SEMICOLON
   43        | . TOKEN_WHILE TOKEN_LPAR expression_bool TOKEN_RPAR block_of_instructions
   44        | . TOKEN_RETURN expression TOKEN_SEMICOLON
   45        | . TOKEN_RETURN TOKEN_SEMICOLON
   46        | . TOKEN_BREAK TOKEN_SEMICOLON
   47        | . local_variables
   48        | . simple_command TOKEN_SEMICOLON
   49 simple_command: . assign
   50               | . variable TOKEN_PLUSPLUS
   51               | . variable TOKEN_MINUSMINUS
   52               | . variable
   53 assign: . variable_left TOKEN_ASSIGN expression
   54 variable_left: . TOKEN_IDENTIFIER
   55              | . TOKEN_IDENTIFIER array_access
   56 call_fce: . TOKEN_IDENTIFIER TOKEN_LPAR call_parameters TOKEN_RPAR
   60 matched: . TOKEN_IF TOKEN_LPAR expression_bool TOKEN_RPAR matched TOKEN_ELSE matched
   60        | TOKEN_IF TOKEN_LPAR expression_bool TOKEN_RPAR . matched TOKEN_ELSE matched
   61        | . command
   62        | . block_of_instructions
   68 variable: . TOKEN_IDENTIFIER
   69         | . TOKEN_IDENTIFIER array_access
   70         | . call_fce
   71         | . variable TOKEN_DOT call_fce
   72         | . variable TOKEN_DOT TOKEN_IDENTIFIER

    TOKEN_LOCATION    shift, and go to state 4
    TOKEN_OBJECT      shift, and go to state 5
    TOKEN_VAR_REAL    shift, and go to state 6
    TOKEN_VAR_INT     shift, and go to state 7
    TOKEN_IF          shift, and go to state 158
    TOKEN_WHILE       shift, and go to state 82
    TOKEN_DO          shift, and go to state 83
    TOKEN_FOR         shift, and go to state 84
    TOKEN_RETURN      shift, and go to state 85
    TOKEN_BREAK       shift, and go to state 86
    TOKEN_BEGIN       shift, and go to state 62
    TOKEN_IDENTIFIER  shift, and go to state 89

    type                   go to state 90
    local_variables        go to state 91
    simple_type            go to state 10
    complex_type           go to state 11
    block_of_instructions  go to state 92
    command                go to state 94
    simple_command         go to state 95
    assign                 go to state 96
    variable_left          go to state 97
    call_fce               go to state 37
    matched                go to state 179
    variable               go to state 100


state 178

   34 block_of_instructions: . TOKEN_BEGIN TOKEN_END
   35                      | . TOKEN_BEGIN TOKEN_SEMICOLON TOKEN_END
   36                      | . TOKEN_BEGIN commands TOKEN_END
   41 command: TOKEN_FOR TOKEN_LPAR init TOKEN_SEMICOLON expression_bool TOKEN_SEMICOLON simple_command TOKEN_RPAR . block_of_instructions

    TOKEN_BEGIN  shift, and go to state 62

    block_of_instructions  go to state 180


state 179

   60 matched: TOKEN_IF TOKEN_LPAR expression_bool TOKEN_RPAR matched . TOKEN_ELSE matched

    TOKEN_ELSE  shift, and go to state 181


state 180

   41 command: TOKEN_FOR TOKEN_LPAR init TOKEN_SEMICOLON expression_bool TOKEN_SEMICOLON simple_command TOKEN_RPAR block_of_instructions .

    $default  reduce using rule 41 (command)


state 181

    4 type: . simple_type
    5     | . complex_type
    6 local_variables: . type names TOKEN_SEMICOLON
    7 simple_type: . TOKEN_VAR_REAL
    8            | . TOKEN_VAR_INT
    9            | . TOKEN_LOCATION
   10            | . TOKEN_OBJECT
   11 complex_type: . simple_type ranges
   34 block_of_instructions: . TOKEN_BEGIN TOKEN_END
   35                      | . TOKEN_BEGIN TOKEN_SEMICOLON TOKEN_END
   36                      | . TOKEN_BEGIN commands TOKEN_END
   41 command: . TOKEN_FOR TOKEN_LPAR init TOKEN_SEMICOLON expression_bool TOKEN_SEMICOLON simple_command TOKEN_RPAR block_of_instructions
   42        | . TOKEN_DO block_of_instructions TOKEN_WHILE TOKEN_LPAR expression_bool TOKEN_RPAR TOKEN_SEMICOLON
   43        | . TOKEN_WHILE TOKEN_LPAR expression_bool TOKEN_RPAR block_of_instructions
   44        | . TOKEN_RETURN expression TOKEN_SEMICOLON
   45        | . TOKEN_RETURN TOKEN_SEMICOLON
   46        | . TOKEN_BREAK TOKEN_SEMICOLON
   47        | . local_variables
   48        | . simple_command TOKEN_SEMICOLON
   49 simple_command: . assign
   50               | . variable TOKEN_PLUSPLUS
   51               | . variable TOKEN_MINUSMINUS
   52               | . variable
   53 assign: . variable_left TOKEN_ASSIGN expression
   54 variable_left: . TOKEN_IDENTIFIER
   55              | . TOKEN_IDENTIFIER array_access
   56 call_fce: . TOKEN_IDENTIFIER TOKEN_LPAR call_parameters TOKEN_RPAR
   60 matched: . TOKEN_IF TOKEN_LPAR expression_bool TOKEN_RPAR matched TOKEN_ELSE matched
   60        | TOKEN_IF TOKEN_LPAR expression_bool TOKEN_RPAR matched TOKEN_ELSE . matched
   61        | . command
   62        | . block_of_instructions
   68 variable: . TOKEN_IDENTIFIER
   69         | . TOKEN_IDENTIFIER array_access
   70         | . call_fce
   71         | . variable TOKEN_DOT call_fce
   72         | . variable TOKEN_DOT TOKEN_IDENTIFIER

    TOKEN_LOCATION    shift, and go to state 4
    TOKEN_OBJECT      shift, and go to state 5
    TOKEN_VAR_REAL    shift, and go to state 6
    TOKEN_VAR_INT     shift, and go to state 7
    TOKEN_IF          shift, and go to state 158
    TOKEN_WHILE       shift, and go to state 82
    TOKEN_DO          shift, and go to state 83
    TOKEN_FOR         shift, and go to state 84
    TOKEN_RETURN      shift, and go to state 85
    TOKEN_BREAK       shift, and go to state 86
    TOKEN_BEGIN       shift, and go to state 62
    TOKEN_IDENTIFIER  shift, and go to state 89

    type                   go to state 90
    local_variables        go to state 91
    simple_type            go to state 10
    complex_type           go to state 11
    block_of_instructions  go to state 92
    command                go to state 94
    simple_command         go to state 95
    assign                 go to state 96
    variable_left          go to state 97
    call_fce               go to state 37
    matched                go to state 173
    variable               go to state 100
